[debug] [2020-12-18T10:54:21.607Z] ----------------------------------------------------------------------
[debug] [2020-12-18T10:54:21.608Z] Command:       C:\Program Files\nodejs\node.exe D:\test_for_hello_beer\node_modules\firebase-tools\lib\bin\firebase.js emulators:start
[debug] [2020-12-18T10:54:21.609Z] CLI Version:   9.0.1
[debug] [2020-12-18T10:54:21.609Z] Platform:      win32
[debug] [2020-12-18T10:54:21.609Z] Node Version:  v13.7.0
[debug] [2020-12-18T10:54:21.610Z] Time:          Fri Dec 18 2020 12:54:21 GMT+0200 (за східноєвропейським стандартним часом)
[debug] [2020-12-18T10:54:21.610Z] ----------------------------------------------------------------------
[debug] [2020-12-18T10:54:21.610Z] 
[debug] [2020-12-18T10:54:21.615Z] > command requires scopes: ["email","openid","https://www.googleapis.com/auth/cloudplatformprojects.readonly","https://www.googleapis.com/auth/firebase","https://www.googleapis.com/auth/cloud-platform"]
[debug] [2020-12-18T10:54:21.615Z] > authorizing via signed-in user
[info] i  emulators: Starting emulators: auth, functions, firestore, database, pubsub {"metadata":{"emulator":{"name":"hub"},"message":"Starting emulators: auth, functions, firestore, database, pubsub"}}
[debug] [2020-12-18T10:54:23.665Z] [hub] writing locator at C:\Users\sanya\AppData\Local\Temp\hub-test-ylt.json
[warn] !  functions: The following emulators are not running, calls to these services from the Functions emulator will affect production: hosting {"metadata":{"emulator":{"name":"functions"},"message":"The following emulators are not running, calls to these services from the Functions emulator will affect production: \u001b[1mhosting\u001b[22m"}}
[warn] !  Your requested "node" version "12" doesn't match your global version "13" {"metadata":{"emulator":{"name":"functions"},"message":"Your requested \"node\" version \"12\" doesn't match your global version \"13\""}}
[debug] [2020-12-18T10:54:25.719Z] defaultcredentials: writing to file C:\Users\sanya\AppData\Roaming\firebase\khrystynayelyseyeva_gmail_com_application_default_credentials.json
[debug] [2020-12-18T10:54:25.721Z] Setting GAC to C:\Users\sanya\AppData\Roaming\firebase\khrystynayelyseyeva_gmail_com_application_default_credentials.json {"metadata":{"emulator":{"name":"functions"},"message":"Setting GAC to C:\\Users\\sanya\\AppData\\Roaming\\firebase\\khrystynayelyseyeva_gmail_com_application_default_credentials.json"}}
[debug] [2020-12-18T10:54:27.772Z] Ignoring unsupported arg: projectId {"metadata":{"emulator":{"name":"firestore"},"message":"Ignoring unsupported arg: projectId"}}
[debug] [2020-12-18T10:54:27.772Z] Ignoring unsupported arg: auto_download {"metadata":{"emulator":{"name":"firestore"},"message":"Ignoring unsupported arg: auto_download"}}
[debug] [2020-12-18T10:54:27.772Z] Starting Firestore Emulator with command {"binary":"java","args":["-Dgoogle.cloud_firestore.debug_log_level=FINE","-Duser.language=en","-jar","C:\\Users\\sanya\\.cache\\firebase\\emulators\\cloud-firestore-emulator-v1.11.11.jar","--host","localhost","--port",8080,"--rules","D:\\test_for_hello_beer\\firestore.rules","--functions_emulator","localhost:5001"],"optionalArgs":["port","webchannel_port","host","rules","functions_emulator","seed_from_export"],"joinArgs":false} {"metadata":{"emulator":{"name":"firestore"},"message":"Starting Firestore Emulator with command {\"binary\":\"java\",\"args\":[\"-Dgoogle.cloud_firestore.debug_log_level=FINE\",\"-Duser.language=en\",\"-jar\",\"C:\\\\Users\\\\sanya\\\\.cache\\\\firebase\\\\emulators\\\\cloud-firestore-emulator-v1.11.11.jar\",\"--host\",\"localhost\",\"--port\",8080,\"--rules\",\"D:\\\\test_for_hello_beer\\\\firestore.rules\",\"--functions_emulator\",\"localhost:5001\"],\"optionalArgs\":[\"port\",\"webchannel_port\",\"host\",\"rules\",\"functions_emulator\",\"seed_from_export\"],\"joinArgs\":false}"}}
[info] i  firestore: Firestore Emulator logging to firestore-debug.log {"metadata":{"emulator":{"name":"firestore"},"message":"Firestore Emulator logging to \u001b[1mfirestore-debug.log\u001b[22m"}}
[debug] [2020-12-18T10:54:28.923Z] API endpoint: http://localhost: {"metadata":{"emulator":{"name":"firestore"},"message":"API endpoint: http://localhost:"}}
[debug] [2020-12-18T10:54:28.924Z] 8080
If you are using a library that supports the FIRESTORE_EMULATOR_HOST environment variable, run:

   export FIRESTORE_EMULATOR_HOST=localhost:8080

Dev App Server is now running.

 {"metadata":{"emulator":{"name":"firestore"},"message":"8080\nIf you are using a library that supports the FIRESTORE_EMULATOR_HOST environment variable, run:\r\n\n   export FIRESTORE_EMULATOR_HOST=localhost:8080\n\nDev App Server is now running.\n\r\n"}}
[debug] [2020-12-18T10:54:31.437Z] database rules config:  [{"instance":"test-ylt","rules":"D:\\test_for_hello_beer\\database.rules.json"}]
[warn] !  database: Realtime Database rules file D:\test_for_hello_beer\database.rules.json specified in firebase.json does not exist. {"metadata":{"emulator":{"name":"database"},"message":"Realtime Database rules file \u001b[1mD:\\test_for_hello_beer\\database.rules.json\u001b[22m specified in firebase.json does not exist."}}
[debug] [2020-12-18T10:54:31.440Z] Ignoring unsupported arg: projectId {"metadata":{"emulator":{"name":"database"},"message":"Ignoring unsupported arg: projectId"}}
[debug] [2020-12-18T10:54:31.440Z] Ignoring unsupported arg: auto_download {"metadata":{"emulator":{"name":"database"},"message":"Ignoring unsupported arg: auto_download"}}
[debug] [2020-12-18T10:54:31.440Z] Ignoring unsupported arg: rules {"metadata":{"emulator":{"name":"database"},"message":"Ignoring unsupported arg: rules"}}
[debug] [2020-12-18T10:54:31.440Z] Starting Database Emulator with command {"binary":"java","args":["-Duser.language=en","-jar","C:\\Users\\sanya\\.cache\\firebase\\emulators\\firebase-database-emulator-v4.7.1.jar","--host","localhost","--port",9000,"--functions_emulator_host","localhost","--functions_emulator_port",5001],"optionalArgs":["port","host","functions_emulator_port","functions_emulator_host"],"joinArgs":false} {"metadata":{"emulator":{"name":"database"},"message":"Starting Database Emulator with command {\"binary\":\"java\",\"args\":[\"-Duser.language=en\",\"-jar\",\"C:\\\\Users\\\\sanya\\\\.cache\\\\firebase\\\\emulators\\\\firebase-database-emulator-v4.7.1.jar\",\"--host\",\"localhost\",\"--port\",9000,\"--functions_emulator_host\",\"localhost\",\"--functions_emulator_port\",5001],\"optionalArgs\":[\"port\",\"host\",\"functions_emulator_port\",\"functions_emulator_host\"],\"joinArgs\":false}"}}
[info] i  database: Database Emulator logging to database-debug.log {"metadata":{"emulator":{"name":"database"},"message":"Database Emulator logging to \u001b[1mdatabase-debug.log\u001b[22m"}}
[debug] [2020-12-18T10:54:32.801Z] 12:54:32.800 [NamespaceSystem-akka.actor.default-dispatcher-5] INFO akka.event.slf4j.Slf4jLogger - Slf4jLogger started
 {"metadata":{"emulator":{"name":"database"},"message":"12:54:32.800 [NamespaceSystem-akka.actor.default-dispatcher-5] INFO akka.event.slf4j.Slf4jLogger - Slf4jLogger started\r\n"}}
[debug] [2020-12-18T10:54:32.923Z] 12:54:32.920 [main] INFO com.firebase.server.forge.App$ - Listening at localhost:9000
 {"metadata":{"emulator":{"name":"database"},"message":"12:54:32.920 [main] INFO com.firebase.server.forge.App$ - Listening at localhost:9000\r\n"}}
[debug] [2020-12-18T10:54:39.466Z] Ignoring unsupported arg: projectId {"metadata":{"emulator":{"name":"pubsub"},"message":"Ignoring unsupported arg: projectId"}}
[debug] [2020-12-18T10:54:39.467Z] Ignoring unsupported arg: auto_download {"metadata":{"emulator":{"name":"pubsub"},"message":"Ignoring unsupported arg: auto_download"}}
[debug] [2020-12-18T10:54:39.467Z] Starting Pub/Sub Emulator with command {"binary":"C:\\Users\\sanya\\.cache\\firebase\\emulators\\pubsub-emulator-0.1.0\\pubsub-emulator\\bin\\cloud-pubsub-emulator.bat","args":["--host=localhost","--port=8085"],"optionalArgs":["port","host"],"joinArgs":true} {"metadata":{"emulator":{"name":"pubsub"},"message":"Starting Pub/Sub Emulator with command {\"binary\":\"C:\\\\Users\\\\sanya\\\\.cache\\\\firebase\\\\emulators\\\\pubsub-emulator-0.1.0\\\\pubsub-emulator\\\\bin\\\\cloud-pubsub-emulator.bat\",\"args\":[\"--host=localhost\",\"--port=8085\"],\"optionalArgs\":[\"port\",\"host\"],\"joinArgs\":true}"}}
[info] i  pubsub: Pub/Sub Emulator logging to pubsub-debug.log {"metadata":{"emulator":{"name":"pubsub"},"message":"Pub/Sub Emulator logging to \u001b[1mpubsub-debug.log\u001b[22m"}}
[debug] [2020-12-18T10:54:45.127Z] Ignoring unsupported arg: auto_download {"metadata":{"emulator":{"name":"ui"},"message":"Ignoring unsupported arg: auto_download"}}
[debug] [2020-12-18T10:54:45.127Z] Ignoring unsupported arg: port {"metadata":{"emulator":{"name":"ui"},"message":"Ignoring unsupported arg: port"}}
[debug] [2020-12-18T10:54:45.127Z] Starting Emulator UI with command {"binary":"node","args":["C:\\Users\\sanya\\.cache\\firebase\\emulators\\ui-v1.4.0\\server.bundle.js"],"optionalArgs":[],"joinArgs":false} {"metadata":{"emulator":{"name":"ui"},"message":"Starting Emulator UI with command {\"binary\":\"node\",\"args\":[\"C:\\\\Users\\\\sanya\\\\.cache\\\\firebase\\\\emulators\\\\ui-v1.4.0\\\\server.bundle.js\"],\"optionalArgs\":[],\"joinArgs\":false}"}}
[info] i  ui: Emulator UI logging to ui-debug.log {"metadata":{"emulator":{"name":"ui"},"message":"Emulator UI logging to \u001b[1mui-debug.log\u001b[22m"}}
[debug] [2020-12-18T10:54:45.232Z] Web / API server started at http://localhost:4000
 {"metadata":{"emulator":{"name":"ui"},"message":"Web / API server started at http://localhost:4000\n"}}
[info] i  functions: Watching "D:\test_for_hello_beer\functions" for Cloud Functions... {"metadata":{"emulator":{"name":"functions"},"message":"Watching \"D:\\test_for_hello_beer\\functions\" for Cloud Functions..."}}
[debug] [2020-12-18T10:54:45.660Z] [worker-pool] addWorker(~diagnostic~) {"metadata":{"emulator":{"name":"functions"},"message":"[worker-pool] addWorker(~diagnostic~)"}}
[debug] [2020-12-18T10:54:45.660Z] [worker-pool] Adding worker with key ~diagnostic~, total=1 {"metadata":{"emulator":{"name":"functions"},"message":"[worker-pool] Adding worker with key ~diagnostic~, total=1"}}
[debug] [2020-12-18T10:54:45.660Z] [worker-pool] submitWork(triggerId=) {"metadata":{"emulator":{"name":"functions"},"message":"[worker-pool] submitWork(triggerId=)"}}
[debug] [2020-12-18T10:54:45.660Z] [worker-~diagnostic~-09ce97de-fab5-4cf5-9be1-4f86fc240e96]: Assigning socketPath: \\?\pipe\D:\test_for_hello_beer\functions\14356 {"metadata":{"emulator":{"name":"functions"},"message":"[worker-~diagnostic~-09ce97de-fab5-4cf5-9be1-4f86fc240e96]: Assigning socketPath: \\\\?\\pipe\\D:\\test_for_hello_beer\\functions\\14356"}}
[debug] [2020-12-18T10:54:45.661Z] [worker-~diagnostic~-09ce97de-fab5-4cf5-9be1-4f86fc240e96]: BUSY {"metadata":{"emulator":{"name":"functions"},"message":"[worker-~diagnostic~-09ce97de-fab5-4cf5-9be1-4f86fc240e96]: BUSY"}}
[debug] [2020-12-18T10:54:45.793Z] [runtime-status] [14356] Functions runtime initialized. {"cwd":"D:\\test_for_hello_beer\\functions","node_version":"13.7.0"} {"metadata":{"emulator":{"name":"functions"},"message":"[runtime-status] [14356] Functions runtime initialized. {\"cwd\":\"D:\\\\test_for_hello_beer\\\\functions\",\"node_version\":\"13.7.0\"}"}}
[debug] [2020-12-18T10:54:45.794Z] [runtime-status] [14356] Disabled runtime features: undefined {"metadata":{"emulator":{"name":"functions"},"message":"[runtime-status] [14356] Disabled runtime features: undefined"}}
[debug] [2020-12-18T10:54:45.795Z] [runtime-status] [14356] Resolved module firebase-admin {"declared":true,"installed":true,"version":"9.4.2","resolution":"D:\\test_for_hello_beer\\functions\\node_modules\\firebase-admin\\lib\\index.js"} {"metadata":{"emulator":{"name":"functions"},"message":"[runtime-status] [14356] Resolved module firebase-admin {\"declared\":true,\"installed\":true,\"version\":\"9.4.2\",\"resolution\":\"D:\\\\test_for_hello_beer\\\\functions\\\\node_modules\\\\firebase-admin\\\\lib\\\\index.js\"}"}}
[debug] [2020-12-18T10:54:45.796Z] [runtime-status] [14356] Resolved module firebase-functions {"declared":true,"installed":true,"version":"3.13.0","resolution":"D:\\test_for_hello_beer\\functions\\node_modules\\firebase-functions\\lib\\index.js"} {"metadata":{"emulator":{"name":"functions"},"message":"[runtime-status] [14356] Resolved module firebase-functions {\"declared\":true,\"installed\":true,\"version\":\"3.13.0\",\"resolution\":\"D:\\\\test_for_hello_beer\\\\functions\\\\node_modules\\\\firebase-functions\\\\lib\\\\index.js\"}"}}
[debug] [2020-12-18T10:54:45.799Z] [runtime-status] [14356] Resolved module firebase-functions {"declared":true,"installed":true,"version":"3.13.0","resolution":"D:\\test_for_hello_beer\\functions\\node_modules\\firebase-functions\\lib\\index.js"} {"metadata":{"emulator":{"name":"functions"},"message":"[runtime-status] [14356] Resolved module firebase-functions {\"declared\":true,\"installed\":true,\"version\":\"3.13.0\",\"resolution\":\"D:\\\\test_for_hello_beer\\\\functions\\\\node_modules\\\\firebase-functions\\\\lib\\\\index.js\"}"}}
[debug] [2020-12-18T10:54:45.799Z] [runtime-status] [14356] Set PUBSUB_EMULATOR_HOST to localhost:8085 {"metadata":{"emulator":{"name":"functions"},"message":"[runtime-status] [14356] Set PUBSUB_EMULATOR_HOST to localhost:8085"}}
[debug] [2020-12-18T10:54:45.800Z] [runtime-status] [14356] Outgoing network have been stubbed. [{"name":"http","status":"mocked"},{"name":"http","status":"mocked"},{"name":"https","status":"mocked"},{"name":"https","status":"mocked"},{"name":"net","status":"mocked"}] {"metadata":{"emulator":{"name":"functions"},"message":"[runtime-status] [14356] Outgoing network have been stubbed. [{\"name\":\"http\",\"status\":\"mocked\"},{\"name\":\"http\",\"status\":\"mocked\"},{\"name\":\"https\",\"status\":\"mocked\"},{\"name\":\"https\",\"status\":\"mocked\"},{\"name\":\"net\",\"status\":\"mocked\"}]"}}
[debug] [2020-12-18T10:54:45.800Z] [runtime-status] [14356] Resolved module firebase-functions {"declared":true,"installed":true,"version":"3.13.0","resolution":"D:\\test_for_hello_beer\\functions\\node_modules\\firebase-functions\\lib\\index.js"} {"metadata":{"emulator":{"name":"functions"},"message":"[runtime-status] [14356] Resolved module firebase-functions {\"declared\":true,\"installed\":true,\"version\":\"3.13.0\",\"resolution\":\"D:\\\\test_for_hello_beer\\\\functions\\\\node_modules\\\\firebase-functions\\\\lib\\\\index.js\"}"}}
[debug] [2020-12-18T10:54:45.833Z] [runtime-status] [14356] Checked functions.config() {"config":{}} {"metadata":{"emulator":{"name":"functions"},"message":"[runtime-status] [14356] Checked functions.config() {\"config\":{}}"}}
[debug] [2020-12-18T10:54:45.833Z] [runtime-status] [14356] firebase-functions has been stubbed. {"functionsResolution":{"declared":true,"installed":true,"version":"3.13.0","resolution":"D:\\test_for_hello_beer\\functions\\node_modules\\firebase-functions\\lib\\index.js"}} {"metadata":{"emulator":{"name":"functions"},"message":"[runtime-status] [14356] firebase-functions has been stubbed. {\"functionsResolution\":{\"declared\":true,\"installed\":true,\"version\":\"3.13.0\",\"resolution\":\"D:\\\\test_for_hello_beer\\\\functions\\\\node_modules\\\\firebase-functions\\\\lib\\\\index.js\"}}"}}
[debug] [2020-12-18T10:54:45.834Z] [runtime-status] [14356] Resolved module firebase-functions {"declared":true,"installed":true,"version":"3.13.0","resolution":"D:\\test_for_hello_beer\\functions\\node_modules\\firebase-functions\\lib\\index.js"} {"metadata":{"emulator":{"name":"functions"},"message":"[runtime-status] [14356] Resolved module firebase-functions {\"declared\":true,\"installed\":true,\"version\":\"3.13.0\",\"resolution\":\"D:\\\\test_for_hello_beer\\\\functions\\\\node_modules\\\\firebase-functions\\\\lib\\\\index.js\"}"}}
[debug] [2020-12-18T10:54:45.834Z] [runtime-status] [14356] Resolved module firebase-admin {"declared":true,"installed":true,"version":"9.4.2","resolution":"D:\\test_for_hello_beer\\functions\\node_modules\\firebase-admin\\lib\\index.js"} {"metadata":{"emulator":{"name":"functions"},"message":"[runtime-status] [14356] Resolved module firebase-admin {\"declared\":true,\"installed\":true,\"version\":\"9.4.2\",\"resolution\":\"D:\\\\test_for_hello_beer\\\\functions\\\\node_modules\\\\firebase-admin\\\\lib\\\\index.js\"}"}}
[debug] [2020-12-18T10:54:45.835Z] [runtime-status] [14356] Resolved module firebase-functions {"declared":true,"installed":true,"version":"3.13.0","resolution":"D:\\test_for_hello_beer\\functions\\node_modules\\firebase-functions\\lib\\index.js"} {"metadata":{"emulator":{"name":"functions"},"message":"[runtime-status] [14356] Resolved module firebase-functions {\"declared\":true,\"installed\":true,\"version\":\"3.13.0\",\"resolution\":\"D:\\\\test_for_hello_beer\\\\functions\\\\node_modules\\\\firebase-functions\\\\lib\\\\index.js\"}"}}
[debug] [2020-12-18T10:54:45.835Z] [runtime-status] [14356] firebase-admin has been stubbed. {"adminResolution":{"declared":true,"installed":true,"version":"9.4.2","resolution":"D:\\test_for_hello_beer\\functions\\node_modules\\firebase-admin\\lib\\index.js"}} {"metadata":{"emulator":{"name":"functions"},"message":"[runtime-status] [14356] firebase-admin has been stubbed. {\"adminResolution\":{\"declared\":true,\"installed\":true,\"version\":\"9.4.2\",\"resolution\":\"D:\\\\test_for_hello_beer\\\\functions\\\\node_modules\\\\firebase-admin\\\\lib\\\\index.js\"}}"}}
[debug] [2020-12-18T10:54:45.867Z] [runtime-status] [14356] initializeApp(DEFAULT) {"credential":{"implicit":false,"projectId":"test-ylt","privateKey":"-----BEGIN PRIVATE KEY-----\nMIIEvgIBADANBgkqhkiG9w0BAQEFAASCBKgwggSkAgEAAoIBAQDV1TcSLKlT+HpC\nmo4ISfeEn0sNcpytGh7nLE8kNMFS//cigFZO9lt2XE0SlWykSpxq8DOSo5GAcu/B\n597ykzmFAW90SS6oKygKd+NTzjbRFwo2qPkxbSt5S4LHL+gw9ScR67+/9Gkc1tl1\nKAhFyAzOZ7zCxu2TlgZITIVmrdemRwK9fAHfjK2PaANcfo5RoftIDon6L0Gzgahz\nC0TmA6di92OoFejjUX36YpUE+unwjoRAiyl/G3BtJYEMuvmgkyQon6jvBrMM12tI\n8tJXJQ7SUa6thUic7Ofd4yxF2qj9Hb0rAP9m211u78jBjqmUG5M+ZhMho+X25GsY\nM9fYiFChAgMBAAECggEAAla7vIfXJglJJox31lq/QaDHpo7w7GKFUSJanv7x+J8+\nt+6TCxfuGAtCR0xRuPINOAz2pnFiLndLXKnFZi4yrkwNyNYCU/HtZSBqsMxoDHVJ\n3f9PAvGyjJgFJxo0uiDbT5qOUUpaQjfOHvY8MW2yyKjpL1DzUSZ+XPjzylPHUJzv\n+ixoDjpf0oTDx9yzYuZtK/wQ683eC07T+D3PaPzBOcTzh5EzywNQcrwDh6qCOnUw\n0JbDDsFQ5G9eu2+sMXZU1gvo3hkKDE4I3bEOZDy9isoRi/m7uCGCeiJz0Xk2+Q61\nx3476TQYYN/lJGvhVcC3tQcvNy71IcxYPYRTl7RIEQKBgQDqfvF/Oy2q/4iMemaM\nPyaIfA3fV7I0coh9XGKsC97na0r8f16NW0L1icaZOpFu/jXYptozuU+Lxc2CsuWj\nzfOCDX/xWHttCiCrAZmbZVVNv/Op+53S+G+2hIqVxwJ8yagbUwrmzcqP7QFsS3VD\nvGMUnv6wEQn0AEVYwmt+0Mk+8QKBgQDpcS8z0rZbSB/SFhYLXcsWJtTLcsZRpltC\naVjsfpGC3b17wThVc0KIVU1L+HgG0oA3Eu8dz3v50Exk1Ds09nCnCbFTXSrn9fYa\nqkIsA5lTMmzl5gNV/sNJcugP4aXbnTfcebHfY5rDHeE6+nR3I3tZakBk9vWpSLRD\nSjgAzniMsQKBgHVkka+5R5aIkKqLCFWDs922BRffhkY9ZFkl6/vngXLnQsX/Wa14\nl5/mlnbVXENtnjVU6n3kco8tukGJH++ORi7AZWHEgx3GaS5TAbxK0Za31tstLQiV\n+Q8tcVekJnmkVrU/MID1W0gMRZ8ac50ybYPASQ6JqSrvC8hwpHH7QhRxAoGBAM5c\nPcvkA0wiL+75kzctDLBiV04aAfJ/ysCke/Vj1aIH/s79eZ0gLLp0HcaAuSnev3Tw\nCe0iU4f8eOvRKR2ilOc0jEsTWzB+n7XmuGRMMif3tYhtkplcgqnVKAuR/5pqGs2N\nzo2ZcV/2c/o9GOOQvCPI52/ZWETzflbVrzgXTT2hAoGBALInC2D33O4N+y40AjSI\n6aeiX3Ke7vJegADGScH5AkqLlNz5GXVEgy0OU0MvzkG3HAwoI3wT7jwH9evCXEP5\neZRASWKZrVWGlRddnnhgueG/VYHN9GEiuyoS1To7FtkZjItcT8LcW7FaGOEWp7n3\nsr41/hzlmIF60vPHIoHS9pam\n-----END PRIVATE KEY-----\n","clientEmail":"firebase-adminsdk-6yz0i@test-ylt.iam.gserviceaccount.com","httpClient":{"retry":{"maxRetries":4,"statusCodes":[503],"ioErrorCodes":["ECONNRESET","ETIMEDOUT"],"backOffFactor":0.5,"maxDelayInMillis":60000}}}} {"metadata":{"emulator":{"name":"functions"},"message":"[runtime-status] [14356] initializeApp(DEFAULT) {\"credential\":{\"implicit\":false,\"projectId\":\"test-ylt\",\"privateKey\":\"-----BEGIN PRIVATE KEY-----\\nMIIEvgIBADANBgkqhkiG9w0BAQEFAASCBKgwggSkAgEAAoIBAQDV1TcSLKlT+HpC\\nmo4ISfeEn0sNcpytGh7nLE8kNMFS//cigFZO9lt2XE0SlWykSpxq8DOSo5GAcu/B\\n597ykzmFAW90SS6oKygKd+NTzjbRFwo2qPkxbSt5S4LHL+gw9ScR67+/9Gkc1tl1\\nKAhFyAzOZ7zCxu2TlgZITIVmrdemRwK9fAHfjK2PaANcfo5RoftIDon6L0Gzgahz\\nC0TmA6di92OoFejjUX36YpUE+unwjoRAiyl/G3BtJYEMuvmgkyQon6jvBrMM12tI\\n8tJXJQ7SUa6thUic7Ofd4yxF2qj9Hb0rAP9m211u78jBjqmUG5M+ZhMho+X25GsY\\nM9fYiFChAgMBAAECggEAAla7vIfXJglJJox31lq/QaDHpo7w7GKFUSJanv7x+J8+\\nt+6TCxfuGAtCR0xRuPINOAz2pnFiLndLXKnFZi4yrkwNyNYCU/HtZSBqsMxoDHVJ\\n3f9PAvGyjJgFJxo0uiDbT5qOUUpaQjfOHvY8MW2yyKjpL1DzUSZ+XPjzylPHUJzv\\n+ixoDjpf0oTDx9yzYuZtK/wQ683eC07T+D3PaPzBOcTzh5EzywNQcrwDh6qCOnUw\\n0JbDDsFQ5G9eu2+sMXZU1gvo3hkKDE4I3bEOZDy9isoRi/m7uCGCeiJz0Xk2+Q61\\nx3476TQYYN/lJGvhVcC3tQcvNy71IcxYPYRTl7RIEQKBgQDqfvF/Oy2q/4iMemaM\\nPyaIfA3fV7I0coh9XGKsC97na0r8f16NW0L1icaZOpFu/jXYptozuU+Lxc2CsuWj\\nzfOCDX/xWHttCiCrAZmbZVVNv/Op+53S+G+2hIqVxwJ8yagbUwrmzcqP7QFsS3VD\\nvGMUnv6wEQn0AEVYwmt+0Mk+8QKBgQDpcS8z0rZbSB/SFhYLXcsWJtTLcsZRpltC\\naVjsfpGC3b17wThVc0KIVU1L+HgG0oA3Eu8dz3v50Exk1Ds09nCnCbFTXSrn9fYa\\nqkIsA5lTMmzl5gNV/sNJcugP4aXbnTfcebHfY5rDHeE6+nR3I3tZakBk9vWpSLRD\\nSjgAzniMsQKBgHVkka+5R5aIkKqLCFWDs922BRffhkY9ZFkl6/vngXLnQsX/Wa14\\nl5/mlnbVXENtnjVU6n3kco8tukGJH++ORi7AZWHEgx3GaS5TAbxK0Za31tstLQiV\\n+Q8tcVekJnmkVrU/MID1W0gMRZ8ac50ybYPASQ6JqSrvC8hwpHH7QhRxAoGBAM5c\\nPcvkA0wiL+75kzctDLBiV04aAfJ/ysCke/Vj1aIH/s79eZ0gLLp0HcaAuSnev3Tw\\nCe0iU4f8eOvRKR2ilOc0jEsTWzB+n7XmuGRMMif3tYhtkplcgqnVKAuR/5pqGs2N\\nzo2ZcV/2c/o9GOOQvCPI52/ZWETzflbVrzgXTT2hAoGBALInC2D33O4N+y40AjSI\\n6aeiX3Ke7vJegADGScH5AkqLlNz5GXVEgy0OU0MvzkG3HAwoI3wT7jwH9evCXEP5\\neZRASWKZrVWGlRddnnhgueG/VYHN9GEiuyoS1To7FtkZjItcT8LcW7FaGOEWp7n3\\nsr41/hzlmIF60vPHIoHS9pam\\n-----END PRIVATE KEY-----\\n\",\"clientEmail\":\"firebase-adminsdk-6yz0i@test-ylt.iam.gserviceaccount.com\",\"httpClient\":{\"retry\":{\"maxRetries\":4,\"statusCodes\":[503],\"ioErrorCodes\":[\"ECONNRESET\",\"ETIMEDOUT\"],\"backOffFactor\":0.5,\"maxDelayInMillis\":60000}}}}"}}
[debug] [2020-12-18T10:54:45.895Z] [runtime-status] [14356] auth.setJwtVerificationEnabled(false) {"metadata":{"emulator":{"name":"functions"},"message":"[runtime-status] [14356] auth.setJwtVerificationEnabled(false)"}}
[info] +  functions[addSuperuserRole]: http function initialized (http://localhost:5001/test-ylt/us-central1/addSuperuserRole). {"metadata":{"emulator":{"name":"functions"},"message":"\u001b[1mhttp\u001b[22m function initialized (http://localhost:5001/test-ylt/us-central1/addSuperuserRole)."}}
[info] i  emulators: Shutting down emulators. {"metadata":{"emulator":{"name":"hub"},"message":"Shutting down emulators."}}
[info] i  ui: Stopping Emulator UI {"metadata":{"emulator":{"name":"ui"},"message":"Stopping Emulator UI"}}
[debug] [2020-12-18T10:54:45.900Z] [worker-~diagnostic~-09ce97de-fab5-4cf5-9be1-4f86fc240e96]: IDLE {"metadata":{"emulator":{"name":"functions"},"message":"[worker-~diagnostic~-09ce97de-fab5-4cf5-9be1-4f86fc240e96]: IDLE"}}
[warn] !  Emulator UI has exited upon receiving signal: SIGINT 
[info] i  functions: Stopping Functions Emulator {"metadata":{"emulator":{"name":"functions"},"message":"Stopping Functions Emulator"}}
[info] i  database: Stopping Database Emulator {"metadata":{"emulator":{"name":"database"},"message":"Stopping Database Emulator"}}
[debug] [2020-12-18T10:54:45.912Z] [worker-~diagnostic~-09ce97de-fab5-4cf5-9be1-4f86fc240e96]: exited {"metadata":{"emulator":{"name":"functions"},"message":"[worker-~diagnostic~-09ce97de-fab5-4cf5-9be1-4f86fc240e96]: exited"}}
[debug] [2020-12-18T10:54:45.912Z] [worker-~diagnostic~-09ce97de-fab5-4cf5-9be1-4f86fc240e96]: FINISHED {"metadata":{"emulator":{"name":"functions"},"message":"[worker-~diagnostic~-09ce97de-fab5-4cf5-9be1-4f86fc240e96]: FINISHED"}}
[warn] !  Database Emulator has exited upon receiving signal: SIGINT 
[info] i  firestore: Stopping Firestore Emulator {"metadata":{"emulator":{"name":"firestore"},"message":"Stopping Firestore Emulator"}}
[warn] !  Firestore Emulator has exited upon receiving signal: SIGINT 
[info] i  pubsub: Stopping Pub/Sub Emulator {"metadata":{"emulator":{"name":"pubsub"},"message":"Stopping Pub/Sub Emulator"}}
[warn] !  Pub/Sub Emulator has exited upon receiving signal: SIGINT 
[info] i  auth: Stopping Authentication Emulator {"metadata":{"emulator":{"name":"auth"},"message":"Stopping Authentication Emulator"}}
[info] i  hub: Stopping emulator hub {"metadata":{"emulator":{"name":"hub"},"message":"Stopping emulator hub"}}
[info] i  logging: Stopping Logging Emulator {"metadata":{"emulator":{"name":"logging"},"message":"Stopping Logging Emulator"}}
[debug] [2020-12-18T10:54:46.116Z] Error: ENOENT: no such file or directory, open 'D:\test_for_hello_beer\database.rules.json'
    at Object.openSync (fs.js:457:3)
    at Object.readFileSync (fs.js:359:35)
    at DatabaseEmulator.connect (D:\test_for_hello_beer\node_modules\firebase-tools\lib\emulator\databaseEmulator.js:60:55)
    at Object.startAll (D:\test_for_hello_beer\node_modules\firebase-tools\lib\emulator\controller.js:373:28)
    at processTicksAndRejections (internal/process/task_queues.js:97:5)
    at async Command.actionFn (D:\test_for_hello_beer\node_modules\firebase-tools\lib\commands\emulators-start.js:26:9)
[error] 
[error] Error: An unexpected error has occurred.
[debug] [2020-12-18T10:57:24.558Z] ----------------------------------------------------------------------
[debug] [2020-12-18T10:57:24.559Z] Command:       C:\Program Files\nodejs\node.exe D:\test_for_hello_beer\node_modules\firebase-tools\lib\bin\firebase.js emulators:start
[debug] [2020-12-18T10:57:24.560Z] CLI Version:   9.0.1
[debug] [2020-12-18T10:57:24.560Z] Platform:      win32
[debug] [2020-12-18T10:57:24.560Z] Node Version:  v13.7.0
[debug] [2020-12-18T10:57:24.562Z] Time:          Fri Dec 18 2020 12:57:24 GMT+0200 (за східноєвропейським стандартним часом)
[debug] [2020-12-18T10:57:24.562Z] ----------------------------------------------------------------------
[debug] [2020-12-18T10:57:24.562Z] 
[debug] [2020-12-18T10:57:24.567Z] > command requires scopes: ["email","openid","https://www.googleapis.com/auth/cloudplatformprojects.readonly","https://www.googleapis.com/auth/firebase","https://www.googleapis.com/auth/cloud-platform"]
[debug] [2020-12-18T10:57:24.567Z] > authorizing via signed-in user
[info] i  emulators: Starting emulators: auth, functions, firestore, database, pubsub {"metadata":{"emulator":{"name":"hub"},"message":"Starting emulators: auth, functions, firestore, database, pubsub"}}
[debug] [2020-12-18T10:57:26.624Z] [hub] writing locator at C:\Users\sanya\AppData\Local\Temp\hub-test-ylt.json
[warn] !  functions: The following emulators are not running, calls to these services from the Functions emulator will affect production: hosting {"metadata":{"emulator":{"name":"functions"},"message":"The following emulators are not running, calls to these services from the Functions emulator will affect production: \u001b[1mhosting\u001b[22m"}}
[warn] !  Your requested "node" version "12" doesn't match your global version "13" {"metadata":{"emulator":{"name":"functions"},"message":"Your requested \"node\" version \"12\" doesn't match your global version \"13\""}}
[debug] [2020-12-18T10:57:28.675Z] defaultcredentials: writing to file C:\Users\sanya\AppData\Roaming\firebase\khrystynayelyseyeva_gmail_com_application_default_credentials.json
[debug] [2020-12-18T10:57:28.677Z] Setting GAC to C:\Users\sanya\AppData\Roaming\firebase\khrystynayelyseyeva_gmail_com_application_default_credentials.json {"metadata":{"emulator":{"name":"functions"},"message":"Setting GAC to C:\\Users\\sanya\\AppData\\Roaming\\firebase\\khrystynayelyseyeva_gmail_com_application_default_credentials.json"}}
[debug] [2020-12-18T10:57:30.708Z] Ignoring unsupported arg: projectId {"metadata":{"emulator":{"name":"firestore"},"message":"Ignoring unsupported arg: projectId"}}
[debug] [2020-12-18T10:57:30.708Z] Ignoring unsupported arg: auto_download {"metadata":{"emulator":{"name":"firestore"},"message":"Ignoring unsupported arg: auto_download"}}
[debug] [2020-12-18T10:57:30.708Z] Starting Firestore Emulator with command {"binary":"java","args":["-Dgoogle.cloud_firestore.debug_log_level=FINE","-Duser.language=en","-jar","C:\\Users\\sanya\\.cache\\firebase\\emulators\\cloud-firestore-emulator-v1.11.11.jar","--host","localhost","--port",8080,"--rules","D:\\test_for_hello_beer\\firestore.rules","--functions_emulator","localhost:5001"],"optionalArgs":["port","webchannel_port","host","rules","functions_emulator","seed_from_export"],"joinArgs":false} {"metadata":{"emulator":{"name":"firestore"},"message":"Starting Firestore Emulator with command {\"binary\":\"java\",\"args\":[\"-Dgoogle.cloud_firestore.debug_log_level=FINE\",\"-Duser.language=en\",\"-jar\",\"C:\\\\Users\\\\sanya\\\\.cache\\\\firebase\\\\emulators\\\\cloud-firestore-emulator-v1.11.11.jar\",\"--host\",\"localhost\",\"--port\",8080,\"--rules\",\"D:\\\\test_for_hello_beer\\\\firestore.rules\",\"--functions_emulator\",\"localhost:5001\"],\"optionalArgs\":[\"port\",\"webchannel_port\",\"host\",\"rules\",\"functions_emulator\",\"seed_from_export\"],\"joinArgs\":false}"}}
[info] i  firestore: Firestore Emulator logging to firestore-debug.log {"metadata":{"emulator":{"name":"firestore"},"message":"Firestore Emulator logging to \u001b[1mfirestore-debug.log\u001b[22m"}}
[debug] [2020-12-18T10:57:31.887Z] API endpoint: http://localhost:8080
 {"metadata":{"emulator":{"name":"firestore"},"message":"API endpoint: http://localhost:8080\n"}}
[debug] [2020-12-18T10:57:31.887Z] If you are using a library that supports the FIRESTORE_EMULATOR_HOST environment variable, run:

   export FIRESTORE_EMULATOR_HOST=localhost:8080

Dev App Server is now running.

 {"metadata":{"emulator":{"name":"firestore"},"message":"If you are using a library that supports the FIRESTORE_EMULATOR_HOST environment variable, run:\r\n\n   export FIRESTORE_EMULATOR_HOST=localhost:8080\n\nDev App Server is now running.\n\r\n"}}
[debug] [2020-12-18T10:57:34.327Z] database rules config:  [{"instance":"test-ylt","rules":"D:\\test_for_hello_beer\\database.rules.json"}]
[warn] !  database: Realtime Database rules file D:\test_for_hello_beer\database.rules.json specified in firebase.json does not exist. {"metadata":{"emulator":{"name":"database"},"message":"Realtime Database rules file \u001b[1mD:\\test_for_hello_beer\\database.rules.json\u001b[22m specified in firebase.json does not exist."}}
[debug] [2020-12-18T10:57:34.336Z] Ignoring unsupported arg: projectId {"metadata":{"emulator":{"name":"database"},"message":"Ignoring unsupported arg: projectId"}}
[debug] [2020-12-18T10:57:34.336Z] Ignoring unsupported arg: auto_download {"metadata":{"emulator":{"name":"database"},"message":"Ignoring unsupported arg: auto_download"}}
[debug] [2020-12-18T10:57:34.336Z] Ignoring unsupported arg: rules {"metadata":{"emulator":{"name":"database"},"message":"Ignoring unsupported arg: rules"}}
[debug] [2020-12-18T10:57:34.337Z] Starting Database Emulator with command {"binary":"java","args":["-Duser.language=en","-jar","C:\\Users\\sanya\\.cache\\firebase\\emulators\\firebase-database-emulator-v4.7.1.jar","--host","localhost","--port",9000,"--functions_emulator_host","localhost","--functions_emulator_port",5001],"optionalArgs":["port","host","functions_emulator_port","functions_emulator_host"],"joinArgs":false} {"metadata":{"emulator":{"name":"database"},"message":"Starting Database Emulator with command {\"binary\":\"java\",\"args\":[\"-Duser.language=en\",\"-jar\",\"C:\\\\Users\\\\sanya\\\\.cache\\\\firebase\\\\emulators\\\\firebase-database-emulator-v4.7.1.jar\",\"--host\",\"localhost\",\"--port\",9000,\"--functions_emulator_host\",\"localhost\",\"--functions_emulator_port\",5001],\"optionalArgs\":[\"port\",\"host\",\"functions_emulator_port\",\"functions_emulator_host\"],\"joinArgs\":false}"}}
[info] i  database: Database Emulator logging to database-debug.log {"metadata":{"emulator":{"name":"database"},"message":"Database Emulator logging to \u001b[1mdatabase-debug.log\u001b[22m"}}
[debug] [2020-12-18T10:57:35.672Z] 12:57:35.673 [NamespaceSystem-akka.actor.default-dispatcher-5] INFO akka.event.slf4j.Slf4jLogger - Slf4jLogger started
 {"metadata":{"emulator":{"name":"database"},"message":"12:57:35.673 [NamespaceSystem-akka.actor.default-dispatcher-5] INFO akka.event.slf4j.Slf4jLogger - Slf4jLogger started\r\n"}}
[debug] [2020-12-18T10:57:35.792Z] 12:57:35.793 [main] INFO com.firebase.server.forge.App$ - Listening at localhost:9000
 {"metadata":{"emulator":{"name":"database"},"message":"12:57:35.793 [main] INFO com.firebase.server.forge.App$ - Listening at localhost:9000\r\n"}}
[debug] [2020-12-18T10:57:42.287Z] Ignoring unsupported arg: projectId {"metadata":{"emulator":{"name":"pubsub"},"message":"Ignoring unsupported arg: projectId"}}
[debug] [2020-12-18T10:57:42.287Z] Ignoring unsupported arg: auto_download {"metadata":{"emulator":{"name":"pubsub"},"message":"Ignoring unsupported arg: auto_download"}}
[debug] [2020-12-18T10:57:42.287Z] Starting Pub/Sub Emulator with command {"binary":"C:\\Users\\sanya\\.cache\\firebase\\emulators\\pubsub-emulator-0.1.0\\pubsub-emulator\\bin\\cloud-pubsub-emulator.bat","args":["--host=localhost","--port=8085"],"optionalArgs":["port","host"],"joinArgs":true} {"metadata":{"emulator":{"name":"pubsub"},"message":"Starting Pub/Sub Emulator with command {\"binary\":\"C:\\\\Users\\\\sanya\\\\.cache\\\\firebase\\\\emulators\\\\pubsub-emulator-0.1.0\\\\pubsub-emulator\\\\bin\\\\cloud-pubsub-emulator.bat\",\"args\":[\"--host=localhost\",\"--port=8085\"],\"optionalArgs\":[\"port\",\"host\"],\"joinArgs\":true}"}}
[info] i  pubsub: Pub/Sub Emulator logging to pubsub-debug.log {"metadata":{"emulator":{"name":"pubsub"},"message":"Pub/Sub Emulator logging to \u001b[1mpubsub-debug.log\u001b[22m"}}
[debug] [2020-12-18T10:57:47.909Z] Ignoring unsupported arg: auto_download {"metadata":{"emulator":{"name":"ui"},"message":"Ignoring unsupported arg: auto_download"}}
[debug] [2020-12-18T10:57:47.910Z] Ignoring unsupported arg: port {"metadata":{"emulator":{"name":"ui"},"message":"Ignoring unsupported arg: port"}}
[debug] [2020-12-18T10:57:47.910Z] Starting Emulator UI with command {"binary":"node","args":["C:\\Users\\sanya\\.cache\\firebase\\emulators\\ui-v1.4.0\\server.bundle.js"],"optionalArgs":[],"joinArgs":false} {"metadata":{"emulator":{"name":"ui"},"message":"Starting Emulator UI with command {\"binary\":\"node\",\"args\":[\"C:\\\\Users\\\\sanya\\\\.cache\\\\firebase\\\\emulators\\\\ui-v1.4.0\\\\server.bundle.js\"],\"optionalArgs\":[],\"joinArgs\":false}"}}
[info] i  ui: Emulator UI logging to ui-debug.log {"metadata":{"emulator":{"name":"ui"},"message":"Emulator UI logging to \u001b[1mui-debug.log\u001b[22m"}}
[debug] [2020-12-18T10:57:48.035Z] Web / API server started at http://localhost:4000
 {"metadata":{"emulator":{"name":"ui"},"message":"Web / API server started at http://localhost:4000\n"}}
[info] i  functions: Watching "D:\test_for_hello_beer\functions" for Cloud Functions... {"metadata":{"emulator":{"name":"functions"},"message":"Watching \"D:\\test_for_hello_beer\\functions\" for Cloud Functions..."}}
[debug] [2020-12-18T10:57:48.451Z] [worker-pool] addWorker(~diagnostic~) {"metadata":{"emulator":{"name":"functions"},"message":"[worker-pool] addWorker(~diagnostic~)"}}
[debug] [2020-12-18T10:57:48.452Z] [worker-pool] Adding worker with key ~diagnostic~, total=1 {"metadata":{"emulator":{"name":"functions"},"message":"[worker-pool] Adding worker with key ~diagnostic~, total=1"}}
[debug] [2020-12-18T10:57:48.452Z] [worker-pool] submitWork(triggerId=) {"metadata":{"emulator":{"name":"functions"},"message":"[worker-pool] submitWork(triggerId=)"}}
[debug] [2020-12-18T10:57:48.452Z] [worker-~diagnostic~-5b8fc96d-b5fc-4d09-b72d-b548b5595d63]: Assigning socketPath: \\?\pipe\D:\test_for_hello_beer\functions\6480 {"metadata":{"emulator":{"name":"functions"},"message":"[worker-~diagnostic~-5b8fc96d-b5fc-4d09-b72d-b548b5595d63]: Assigning socketPath: \\\\?\\pipe\\D:\\test_for_hello_beer\\functions\\6480"}}
[debug] [2020-12-18T10:57:48.452Z] [worker-~diagnostic~-5b8fc96d-b5fc-4d09-b72d-b548b5595d63]: BUSY {"metadata":{"emulator":{"name":"functions"},"message":"[worker-~diagnostic~-5b8fc96d-b5fc-4d09-b72d-b548b5595d63]: BUSY"}}
[debug] [2020-12-18T10:57:48.585Z] [runtime-status] [6480] Functions runtime initialized. {"cwd":"D:\\test_for_hello_beer\\functions","node_version":"13.7.0"} {"metadata":{"emulator":{"name":"functions"},"message":"[runtime-status] [6480] Functions runtime initialized. {\"cwd\":\"D:\\\\test_for_hello_beer\\\\functions\",\"node_version\":\"13.7.0\"}"}}
[debug] [2020-12-18T10:57:48.585Z] [runtime-status] [6480] Disabled runtime features: undefined {"metadata":{"emulator":{"name":"functions"},"message":"[runtime-status] [6480] Disabled runtime features: undefined"}}
[debug] [2020-12-18T10:57:48.587Z] [runtime-status] [6480] Resolved module firebase-admin {"declared":true,"installed":true,"version":"9.4.2","resolution":"D:\\test_for_hello_beer\\functions\\node_modules\\firebase-admin\\lib\\index.js"} {"metadata":{"emulator":{"name":"functions"},"message":"[runtime-status] [6480] Resolved module firebase-admin {\"declared\":true,\"installed\":true,\"version\":\"9.4.2\",\"resolution\":\"D:\\\\test_for_hello_beer\\\\functions\\\\node_modules\\\\firebase-admin\\\\lib\\\\index.js\"}"}}
[debug] [2020-12-18T10:57:48.588Z] [runtime-status] [6480] Resolved module firebase-functions {"declared":true,"installed":true,"version":"3.13.0","resolution":"D:\\test_for_hello_beer\\functions\\node_modules\\firebase-functions\\lib\\index.js"} {"metadata":{"emulator":{"name":"functions"},"message":"[runtime-status] [6480] Resolved module firebase-functions {\"declared\":true,\"installed\":true,\"version\":\"3.13.0\",\"resolution\":\"D:\\\\test_for_hello_beer\\\\functions\\\\node_modules\\\\firebase-functions\\\\lib\\\\index.js\"}"}}
[debug] [2020-12-18T10:57:48.591Z] [runtime-status] [6480] Resolved module firebase-functions {"declared":true,"installed":true,"version":"3.13.0","resolution":"D:\\test_for_hello_beer\\functions\\node_modules\\firebase-functions\\lib\\index.js"} {"metadata":{"emulator":{"name":"functions"},"message":"[runtime-status] [6480] Resolved module firebase-functions {\"declared\":true,\"installed\":true,\"version\":\"3.13.0\",\"resolution\":\"D:\\\\test_for_hello_beer\\\\functions\\\\node_modules\\\\firebase-functions\\\\lib\\\\index.js\"}"}}
[debug] [2020-12-18T10:57:48.591Z] [runtime-status] [6480] Set PUBSUB_EMULATOR_HOST to localhost:8085 {"metadata":{"emulator":{"name":"functions"},"message":"[runtime-status] [6480] Set PUBSUB_EMULATOR_HOST to localhost:8085"}}
[debug] [2020-12-18T10:57:48.592Z] [runtime-status] [6480] Outgoing network have been stubbed. [{"name":"http","status":"mocked"},{"name":"http","status":"mocked"},{"name":"https","status":"mocked"},{"name":"https","status":"mocked"},{"name":"net","status":"mocked"}] {"metadata":{"emulator":{"name":"functions"},"message":"[runtime-status] [6480] Outgoing network have been stubbed. [{\"name\":\"http\",\"status\":\"mocked\"},{\"name\":\"http\",\"status\":\"mocked\"},{\"name\":\"https\",\"status\":\"mocked\"},{\"name\":\"https\",\"status\":\"mocked\"},{\"name\":\"net\",\"status\":\"mocked\"}]"}}
[debug] [2020-12-18T10:57:48.592Z] [runtime-status] [6480] Resolved module firebase-functions {"declared":true,"installed":true,"version":"3.13.0","resolution":"D:\\test_for_hello_beer\\functions\\node_modules\\firebase-functions\\lib\\index.js"} {"metadata":{"emulator":{"name":"functions"},"message":"[runtime-status] [6480] Resolved module firebase-functions {\"declared\":true,\"installed\":true,\"version\":\"3.13.0\",\"resolution\":\"D:\\\\test_for_hello_beer\\\\functions\\\\node_modules\\\\firebase-functions\\\\lib\\\\index.js\"}"}}
[debug] [2020-12-18T10:57:48.627Z] [runtime-status] [6480] Checked functions.config() {"config":{}} {"metadata":{"emulator":{"name":"functions"},"message":"[runtime-status] [6480] Checked functions.config() {\"config\":{}}"}}
[debug] [2020-12-18T10:57:48.627Z] [runtime-status] [6480] firebase-functions has been stubbed. {"functionsResolution":{"declared":true,"installed":true,"version":"3.13.0","resolution":"D:\\test_for_hello_beer\\functions\\node_modules\\firebase-functions\\lib\\index.js"}} {"metadata":{"emulator":{"name":"functions"},"message":"[runtime-status] [6480] firebase-functions has been stubbed. {\"functionsResolution\":{\"declared\":true,\"installed\":true,\"version\":\"3.13.0\",\"resolution\":\"D:\\\\test_for_hello_beer\\\\functions\\\\node_modules\\\\firebase-functions\\\\lib\\\\index.js\"}}"}}
[debug] [2020-12-18T10:57:48.627Z] [runtime-status] [6480] Resolved module firebase-functions {"declared":true,"installed":true,"version":"3.13.0","resolution":"D:\\test_for_hello_beer\\functions\\node_modules\\firebase-functions\\lib\\index.js"} {"metadata":{"emulator":{"name":"functions"},"message":"[runtime-status] [6480] Resolved module firebase-functions {\"declared\":true,\"installed\":true,\"version\":\"3.13.0\",\"resolution\":\"D:\\\\test_for_hello_beer\\\\functions\\\\node_modules\\\\firebase-functions\\\\lib\\\\index.js\"}"}}
[debug] [2020-12-18T10:57:48.628Z] [runtime-status] [6480] Resolved module firebase-admin {"declared":true,"installed":true,"version":"9.4.2","resolution":"D:\\test_for_hello_beer\\functions\\node_modules\\firebase-admin\\lib\\index.js"} {"metadata":{"emulator":{"name":"functions"},"message":"[runtime-status] [6480] Resolved module firebase-admin {\"declared\":true,\"installed\":true,\"version\":\"9.4.2\",\"resolution\":\"D:\\\\test_for_hello_beer\\\\functions\\\\node_modules\\\\firebase-admin\\\\lib\\\\index.js\"}"}}
[debug] [2020-12-18T10:57:48.629Z] [runtime-status] [6480] Resolved module firebase-functions {"declared":true,"installed":true,"version":"3.13.0","resolution":"D:\\test_for_hello_beer\\functions\\node_modules\\firebase-functions\\lib\\index.js"} {"metadata":{"emulator":{"name":"functions"},"message":"[runtime-status] [6480] Resolved module firebase-functions {\"declared\":true,\"installed\":true,\"version\":\"3.13.0\",\"resolution\":\"D:\\\\test_for_hello_beer\\\\functions\\\\node_modules\\\\firebase-functions\\\\lib\\\\index.js\"}"}}
[debug] [2020-12-18T10:57:48.629Z] [runtime-status] [6480] firebase-admin has been stubbed. {"adminResolution":{"declared":true,"installed":true,"version":"9.4.2","resolution":"D:\\test_for_hello_beer\\functions\\node_modules\\firebase-admin\\lib\\index.js"}} {"metadata":{"emulator":{"name":"functions"},"message":"[runtime-status] [6480] firebase-admin has been stubbed. {\"adminResolution\":{\"declared\":true,\"installed\":true,\"version\":\"9.4.2\",\"resolution\":\"D:\\\\test_for_hello_beer\\\\functions\\\\node_modules\\\\firebase-admin\\\\lib\\\\index.js\"}}"}}
[debug] [2020-12-18T10:57:48.660Z] [runtime-status] [6480] initializeApp(DEFAULT) {"credential":{"implicit":false,"projectId":"test-ylt","privateKey":"-----BEGIN PRIVATE KEY-----\nMIIEvgIBADANBgkqhkiG9w0BAQEFAASCBKgwggSkAgEAAoIBAQDV1TcSLKlT+HpC\nmo4ISfeEn0sNcpytGh7nLE8kNMFS//cigFZO9lt2XE0SlWykSpxq8DOSo5GAcu/B\n597ykzmFAW90SS6oKygKd+NTzjbRFwo2qPkxbSt5S4LHL+gw9ScR67+/9Gkc1tl1\nKAhFyAzOZ7zCxu2TlgZITIVmrdemRwK9fAHfjK2PaANcfo5RoftIDon6L0Gzgahz\nC0TmA6di92OoFejjUX36YpUE+unwjoRAiyl/G3BtJYEMuvmgkyQon6jvBrMM12tI\n8tJXJQ7SUa6thUic7Ofd4yxF2qj9Hb0rAP9m211u78jBjqmUG5M+ZhMho+X25GsY\nM9fYiFChAgMBAAECggEAAla7vIfXJglJJox31lq/QaDHpo7w7GKFUSJanv7x+J8+\nt+6TCxfuGAtCR0xRuPINOAz2pnFiLndLXKnFZi4yrkwNyNYCU/HtZSBqsMxoDHVJ\n3f9PAvGyjJgFJxo0uiDbT5qOUUpaQjfOHvY8MW2yyKjpL1DzUSZ+XPjzylPHUJzv\n+ixoDjpf0oTDx9yzYuZtK/wQ683eC07T+D3PaPzBOcTzh5EzywNQcrwDh6qCOnUw\n0JbDDsFQ5G9eu2+sMXZU1gvo3hkKDE4I3bEOZDy9isoRi/m7uCGCeiJz0Xk2+Q61\nx3476TQYYN/lJGvhVcC3tQcvNy71IcxYPYRTl7RIEQKBgQDqfvF/Oy2q/4iMemaM\nPyaIfA3fV7I0coh9XGKsC97na0r8f16NW0L1icaZOpFu/jXYptozuU+Lxc2CsuWj\nzfOCDX/xWHttCiCrAZmbZVVNv/Op+53S+G+2hIqVxwJ8yagbUwrmzcqP7QFsS3VD\nvGMUnv6wEQn0AEVYwmt+0Mk+8QKBgQDpcS8z0rZbSB/SFhYLXcsWJtTLcsZRpltC\naVjsfpGC3b17wThVc0KIVU1L+HgG0oA3Eu8dz3v50Exk1Ds09nCnCbFTXSrn9fYa\nqkIsA5lTMmzl5gNV/sNJcugP4aXbnTfcebHfY5rDHeE6+nR3I3tZakBk9vWpSLRD\nSjgAzniMsQKBgHVkka+5R5aIkKqLCFWDs922BRffhkY9ZFkl6/vngXLnQsX/Wa14\nl5/mlnbVXENtnjVU6n3kco8tukGJH++ORi7AZWHEgx3GaS5TAbxK0Za31tstLQiV\n+Q8tcVekJnmkVrU/MID1W0gMRZ8ac50ybYPASQ6JqSrvC8hwpHH7QhRxAoGBAM5c\nPcvkA0wiL+75kzctDLBiV04aAfJ/ysCke/Vj1aIH/s79eZ0gLLp0HcaAuSnev3Tw\nCe0iU4f8eOvRKR2ilOc0jEsTWzB+n7XmuGRMMif3tYhtkplcgqnVKAuR/5pqGs2N\nzo2ZcV/2c/o9GOOQvCPI52/ZWETzflbVrzgXTT2hAoGBALInC2D33O4N+y40AjSI\n6aeiX3Ke7vJegADGScH5AkqLlNz5GXVEgy0OU0MvzkG3HAwoI3wT7jwH9evCXEP5\neZRASWKZrVWGlRddnnhgueG/VYHN9GEiuyoS1To7FtkZjItcT8LcW7FaGOEWp7n3\nsr41/hzlmIF60vPHIoHS9pam\n-----END PRIVATE KEY-----\n","clientEmail":"firebase-adminsdk-6yz0i@test-ylt.iam.gserviceaccount.com","httpClient":{"retry":{"maxRetries":4,"statusCodes":[503],"ioErrorCodes":["ECONNRESET","ETIMEDOUT"],"backOffFactor":0.5,"maxDelayInMillis":60000}}}} {"metadata":{"emulator":{"name":"functions"},"message":"[runtime-status] [6480] initializeApp(DEFAULT) {\"credential\":{\"implicit\":false,\"projectId\":\"test-ylt\",\"privateKey\":\"-----BEGIN PRIVATE KEY-----\\nMIIEvgIBADANBgkqhkiG9w0BAQEFAASCBKgwggSkAgEAAoIBAQDV1TcSLKlT+HpC\\nmo4ISfeEn0sNcpytGh7nLE8kNMFS//cigFZO9lt2XE0SlWykSpxq8DOSo5GAcu/B\\n597ykzmFAW90SS6oKygKd+NTzjbRFwo2qPkxbSt5S4LHL+gw9ScR67+/9Gkc1tl1\\nKAhFyAzOZ7zCxu2TlgZITIVmrdemRwK9fAHfjK2PaANcfo5RoftIDon6L0Gzgahz\\nC0TmA6di92OoFejjUX36YpUE+unwjoRAiyl/G3BtJYEMuvmgkyQon6jvBrMM12tI\\n8tJXJQ7SUa6thUic7Ofd4yxF2qj9Hb0rAP9m211u78jBjqmUG5M+ZhMho+X25GsY\\nM9fYiFChAgMBAAECggEAAla7vIfXJglJJox31lq/QaDHpo7w7GKFUSJanv7x+J8+\\nt+6TCxfuGAtCR0xRuPINOAz2pnFiLndLXKnFZi4yrkwNyNYCU/HtZSBqsMxoDHVJ\\n3f9PAvGyjJgFJxo0uiDbT5qOUUpaQjfOHvY8MW2yyKjpL1DzUSZ+XPjzylPHUJzv\\n+ixoDjpf0oTDx9yzYuZtK/wQ683eC07T+D3PaPzBOcTzh5EzywNQcrwDh6qCOnUw\\n0JbDDsFQ5G9eu2+sMXZU1gvo3hkKDE4I3bEOZDy9isoRi/m7uCGCeiJz0Xk2+Q61\\nx3476TQYYN/lJGvhVcC3tQcvNy71IcxYPYRTl7RIEQKBgQDqfvF/Oy2q/4iMemaM\\nPyaIfA3fV7I0coh9XGKsC97na0r8f16NW0L1icaZOpFu/jXYptozuU+Lxc2CsuWj\\nzfOCDX/xWHttCiCrAZmbZVVNv/Op+53S+G+2hIqVxwJ8yagbUwrmzcqP7QFsS3VD\\nvGMUnv6wEQn0AEVYwmt+0Mk+8QKBgQDpcS8z0rZbSB/SFhYLXcsWJtTLcsZRpltC\\naVjsfpGC3b17wThVc0KIVU1L+HgG0oA3Eu8dz3v50Exk1Ds09nCnCbFTXSrn9fYa\\nqkIsA5lTMmzl5gNV/sNJcugP4aXbnTfcebHfY5rDHeE6+nR3I3tZakBk9vWpSLRD\\nSjgAzniMsQKBgHVkka+5R5aIkKqLCFWDs922BRffhkY9ZFkl6/vngXLnQsX/Wa14\\nl5/mlnbVXENtnjVU6n3kco8tukGJH++ORi7AZWHEgx3GaS5TAbxK0Za31tstLQiV\\n+Q8tcVekJnmkVrU/MID1W0gMRZ8ac50ybYPASQ6JqSrvC8hwpHH7QhRxAoGBAM5c\\nPcvkA0wiL+75kzctDLBiV04aAfJ/ysCke/Vj1aIH/s79eZ0gLLp0HcaAuSnev3Tw\\nCe0iU4f8eOvRKR2ilOc0jEsTWzB+n7XmuGRMMif3tYhtkplcgqnVKAuR/5pqGs2N\\nzo2ZcV/2c/o9GOOQvCPI52/ZWETzflbVrzgXTT2hAoGBALInC2D33O4N+y40AjSI\\n6aeiX3Ke7vJegADGScH5AkqLlNz5GXVEgy0OU0MvzkG3HAwoI3wT7jwH9evCXEP5\\neZRASWKZrVWGlRddnnhgueG/VYHN9GEiuyoS1To7FtkZjItcT8LcW7FaGOEWp7n3\\nsr41/hzlmIF60vPHIoHS9pam\\n-----END PRIVATE KEY-----\\n\",\"clientEmail\":\"firebase-adminsdk-6yz0i@test-ylt.iam.gserviceaccount.com\",\"httpClient\":{\"retry\":{\"maxRetries\":4,\"statusCodes\":[503],\"ioErrorCodes\":[\"ECONNRESET\",\"ETIMEDOUT\"],\"backOffFactor\":0.5,\"maxDelayInMillis\":60000}}}}"}}
[debug] [2020-12-18T10:57:48.689Z] [runtime-status] [6480] auth.setJwtVerificationEnabled(false) {"metadata":{"emulator":{"name":"functions"},"message":"[runtime-status] [6480] auth.setJwtVerificationEnabled(false)"}}
[info] +  functions[addSuperuserRole]: http function initialized (http://localhost:5001/test-ylt/us-central1/addSuperuserRole). {"metadata":{"emulator":{"name":"functions"},"message":"\u001b[1mhttp\u001b[22m function initialized (http://localhost:5001/test-ylt/us-central1/addSuperuserRole)."}}
[info] i  emulators: Shutting down emulators. {"metadata":{"emulator":{"name":"hub"},"message":"Shutting down emulators."}}
[info] i  ui: Stopping Emulator UI {"metadata":{"emulator":{"name":"ui"},"message":"Stopping Emulator UI"}}
[debug] [2020-12-18T10:57:48.694Z] [worker-~diagnostic~-5b8fc96d-b5fc-4d09-b72d-b548b5595d63]: IDLE {"metadata":{"emulator":{"name":"functions"},"message":"[worker-~diagnostic~-5b8fc96d-b5fc-4d09-b72d-b548b5595d63]: IDLE"}}
[warn] !  Emulator UI has exited upon receiving signal: SIGINT 
[info] i  functions: Stopping Functions Emulator {"metadata":{"emulator":{"name":"functions"},"message":"Stopping Functions Emulator"}}
[info] i  database: Stopping Database Emulator {"metadata":{"emulator":{"name":"database"},"message":"Stopping Database Emulator"}}
[debug] [2020-12-18T10:57:48.705Z] [worker-~diagnostic~-5b8fc96d-b5fc-4d09-b72d-b548b5595d63]: exited {"metadata":{"emulator":{"name":"functions"},"message":"[worker-~diagnostic~-5b8fc96d-b5fc-4d09-b72d-b548b5595d63]: exited"}}
[debug] [2020-12-18T10:57:48.705Z] [worker-~diagnostic~-5b8fc96d-b5fc-4d09-b72d-b548b5595d63]: FINISHED {"metadata":{"emulator":{"name":"functions"},"message":"[worker-~diagnostic~-5b8fc96d-b5fc-4d09-b72d-b548b5595d63]: FINISHED"}}
[warn] !  Database Emulator has exited upon receiving signal: SIGINT 
[info] i  firestore: Stopping Firestore Emulator {"metadata":{"emulator":{"name":"firestore"},"message":"Stopping Firestore Emulator"}}
[warn] !  Firestore Emulator has exited upon receiving signal: SIGINT 
[info] i  pubsub: Stopping Pub/Sub Emulator {"metadata":{"emulator":{"name":"pubsub"},"message":"Stopping Pub/Sub Emulator"}}
[warn] !  Pub/Sub Emulator has exited upon receiving signal: SIGINT 
[info] i  auth: Stopping Authentication Emulator {"metadata":{"emulator":{"name":"auth"},"message":"Stopping Authentication Emulator"}}
[info] i  hub: Stopping emulator hub {"metadata":{"emulator":{"name":"hub"},"message":"Stopping emulator hub"}}
[info] i  logging: Stopping Logging Emulator {"metadata":{"emulator":{"name":"logging"},"message":"Stopping Logging Emulator"}}
[debug] [2020-12-18T10:57:48.914Z] Error: ENOENT: no such file or directory, open 'D:\test_for_hello_beer\database.rules.json'
    at Object.openSync (fs.js:457:3)
    at Object.readFileSync (fs.js:359:35)
    at DatabaseEmulator.connect (D:\test_for_hello_beer\node_modules\firebase-tools\lib\emulator\databaseEmulator.js:60:55)
    at Object.startAll (D:\test_for_hello_beer\node_modules\firebase-tools\lib\emulator\controller.js:373:28)
    at processTicksAndRejections (internal/process/task_queues.js:97:5)
    at async Command.actionFn (D:\test_for_hello_beer\node_modules\firebase-tools\lib\commands\emulators-start.js:26:9)
[error] 
[error] Error: An unexpected error has occurred.
[debug] [2020-12-18T11:56:33.102Z] ----------------------------------------------------------------------
[debug] [2020-12-18T11:56:33.104Z] Command:       C:\Program Files\nodejs\node.exe D:\test_for_hello_beer\node_modules\firebase-tools\lib\bin\firebase.js emulators:start
[debug] [2020-12-18T11:56:33.104Z] CLI Version:   9.0.1
[debug] [2020-12-18T11:56:33.104Z] Platform:      win32
[debug] [2020-12-18T11:56:33.104Z] Node Version:  v13.7.0
[debug] [2020-12-18T11:56:33.125Z] Time:          Fri Dec 18 2020 13:56:33 GMT+0200 (за східноєвропейським стандартним часом)
[debug] [2020-12-18T11:56:33.125Z] ----------------------------------------------------------------------
[debug] [2020-12-18T11:56:33.125Z] 
[debug] [2020-12-18T11:56:33.133Z] > command requires scopes: ["email","openid","https://www.googleapis.com/auth/cloudplatformprojects.readonly","https://www.googleapis.com/auth/firebase","https://www.googleapis.com/auth/cloud-platform"]
[debug] [2020-12-18T11:56:33.134Z] > authorizing via signed-in user
[info] i  emulators: Starting emulators: auth, functions, firestore, database, pubsub {"metadata":{"emulator":{"name":"hub"},"message":"Starting emulators: auth, functions, firestore, database, pubsub"}}
[debug] [2020-12-18T11:56:35.192Z] [hub] writing locator at C:\Users\sanya\AppData\Local\Temp\hub-test-ylt.json
[warn] !  functions: The following emulators are not running, calls to these services from the Functions emulator will affect production: hosting {"metadata":{"emulator":{"name":"functions"},"message":"The following emulators are not running, calls to these services from the Functions emulator will affect production: \u001b[1mhosting\u001b[22m"}}
[warn] !  Your requested "node" version "12" doesn't match your global version "13" {"metadata":{"emulator":{"name":"functions"},"message":"Your requested \"node\" version \"12\" doesn't match your global version \"13\""}}
[debug] [2020-12-18T11:56:37.277Z] defaultcredentials: writing to file C:\Users\sanya\AppData\Roaming\firebase\khrystynayelyseyeva_gmail_com_application_default_credentials.json
[debug] [2020-12-18T11:56:37.279Z] Setting GAC to C:\Users\sanya\AppData\Roaming\firebase\khrystynayelyseyeva_gmail_com_application_default_credentials.json {"metadata":{"emulator":{"name":"functions"},"message":"Setting GAC to C:\\Users\\sanya\\AppData\\Roaming\\firebase\\khrystynayelyseyeva_gmail_com_application_default_credentials.json"}}
[debug] [2020-12-18T11:56:39.320Z] Ignoring unsupported arg: projectId {"metadata":{"emulator":{"name":"firestore"},"message":"Ignoring unsupported arg: projectId"}}
[debug] [2020-12-18T11:56:39.320Z] Ignoring unsupported arg: auto_download {"metadata":{"emulator":{"name":"firestore"},"message":"Ignoring unsupported arg: auto_download"}}
[debug] [2020-12-18T11:56:39.320Z] Starting Firestore Emulator with command {"binary":"java","args":["-Dgoogle.cloud_firestore.debug_log_level=FINE","-Duser.language=en","-jar","C:\\Users\\sanya\\.cache\\firebase\\emulators\\cloud-firestore-emulator-v1.11.11.jar","--host","localhost","--port",8080,"--rules","D:\\test_for_hello_beer\\firestore.rules","--functions_emulator","localhost:5001"],"optionalArgs":["port","webchannel_port","host","rules","functions_emulator","seed_from_export"],"joinArgs":false} {"metadata":{"emulator":{"name":"firestore"},"message":"Starting Firestore Emulator with command {\"binary\":\"java\",\"args\":[\"-Dgoogle.cloud_firestore.debug_log_level=FINE\",\"-Duser.language=en\",\"-jar\",\"C:\\\\Users\\\\sanya\\\\.cache\\\\firebase\\\\emulators\\\\cloud-firestore-emulator-v1.11.11.jar\",\"--host\",\"localhost\",\"--port\",8080,\"--rules\",\"D:\\\\test_for_hello_beer\\\\firestore.rules\",\"--functions_emulator\",\"localhost:5001\"],\"optionalArgs\":[\"port\",\"webchannel_port\",\"host\",\"rules\",\"functions_emulator\",\"seed_from_export\"],\"joinArgs\":false}"}}
[info] i  firestore: Firestore Emulator logging to firestore-debug.log {"metadata":{"emulator":{"name":"firestore"},"message":"Firestore Emulator logging to \u001b[1mfirestore-debug.log\u001b[22m"}}
[debug] [2020-12-18T11:56:40.905Z] API endpoint: http://localhost:8080
If you are using a library that supports the FIRESTORE_EMULATOR_HOST environment variable, run: {"metadata":{"emulator":{"name":"firestore"},"message":"API endpoint: http://localhost:8080\nIf you are using a library that supports the FIRESTORE_EMULATOR_HOST environment variable, run:"}}
[debug] [2020-12-18T11:56:40.905Z] 

   export FIRESTORE_EMULATOR_HOST=localhost:8080

Dev App Server is now running.

 {"metadata":{"emulator":{"name":"firestore"},"message":"\r\n\n   export FIRESTORE_EMULATOR_HOST=localhost:8080\n\nDev App Server is now running.\n\r\n"}}
[debug] [2020-12-18T11:56:43.438Z] database rules config:  [{"instance":"test-ylt","rules":"D:\\test_for_hello_beer\\database.rules.json"}]
[warn] !  database: Realtime Database rules file D:\test_for_hello_beer\database.rules.json specified in firebase.json does not exist. {"metadata":{"emulator":{"name":"database"},"message":"Realtime Database rules file \u001b[1mD:\\test_for_hello_beer\\database.rules.json\u001b[22m specified in firebase.json does not exist."}}
[debug] [2020-12-18T11:56:43.448Z] Ignoring unsupported arg: projectId {"metadata":{"emulator":{"name":"database"},"message":"Ignoring unsupported arg: projectId"}}
[debug] [2020-12-18T11:56:43.449Z] Ignoring unsupported arg: auto_download {"metadata":{"emulator":{"name":"database"},"message":"Ignoring unsupported arg: auto_download"}}
[debug] [2020-12-18T11:56:43.449Z] Ignoring unsupported arg: rules {"metadata":{"emulator":{"name":"database"},"message":"Ignoring unsupported arg: rules"}}
[debug] [2020-12-18T11:56:43.450Z] Starting Database Emulator with command {"binary":"java","args":["-Duser.language=en","-jar","C:\\Users\\sanya\\.cache\\firebase\\emulators\\firebase-database-emulator-v4.7.1.jar","--host","localhost","--port",9000,"--functions_emulator_host","localhost","--functions_emulator_port",5001],"optionalArgs":["port","host","functions_emulator_port","functions_emulator_host"],"joinArgs":false} {"metadata":{"emulator":{"name":"database"},"message":"Starting Database Emulator with command {\"binary\":\"java\",\"args\":[\"-Duser.language=en\",\"-jar\",\"C:\\\\Users\\\\sanya\\\\.cache\\\\firebase\\\\emulators\\\\firebase-database-emulator-v4.7.1.jar\",\"--host\",\"localhost\",\"--port\",9000,\"--functions_emulator_host\",\"localhost\",\"--functions_emulator_port\",5001],\"optionalArgs\":[\"port\",\"host\",\"functions_emulator_port\",\"functions_emulator_host\"],\"joinArgs\":false}"}}
[info] i  database: Database Emulator logging to database-debug.log {"metadata":{"emulator":{"name":"database"},"message":"Database Emulator logging to \u001b[1mdatabase-debug.log\u001b[22m"}}
[debug] [2020-12-18T11:56:45.017Z] 13:56:45.019 [NamespaceSystem-akka.actor.default-dispatcher-5] INFO akka.event.slf4j.Slf4jLogger - Slf4jLogger started
 {"metadata":{"emulator":{"name":"database"},"message":"13:56:45.019 [NamespaceSystem-akka.actor.default-dispatcher-5] INFO akka.event.slf4j.Slf4jLogger - Slf4jLogger started\r\n"}}
[debug] [2020-12-18T11:56:45.188Z] 13:56:45.191 [main] INFO com.firebase.server.forge.App$ - Listening at localhost:9000
 {"metadata":{"emulator":{"name":"database"},"message":"13:56:45.191 [main] INFO com.firebase.server.forge.App$ - Listening at localhost:9000\r\n"}}
[debug] [2020-12-18T11:56:51.348Z] Ignoring unsupported arg: projectId {"metadata":{"emulator":{"name":"pubsub"},"message":"Ignoring unsupported arg: projectId"}}
[debug] [2020-12-18T11:56:51.348Z] Ignoring unsupported arg: auto_download {"metadata":{"emulator":{"name":"pubsub"},"message":"Ignoring unsupported arg: auto_download"}}
[debug] [2020-12-18T11:56:51.348Z] Starting Pub/Sub Emulator with command {"binary":"C:\\Users\\sanya\\.cache\\firebase\\emulators\\pubsub-emulator-0.1.0\\pubsub-emulator\\bin\\cloud-pubsub-emulator.bat","args":["--host=localhost","--port=8085"],"optionalArgs":["port","host"],"joinArgs":true} {"metadata":{"emulator":{"name":"pubsub"},"message":"Starting Pub/Sub Emulator with command {\"binary\":\"C:\\\\Users\\\\sanya\\\\.cache\\\\firebase\\\\emulators\\\\pubsub-emulator-0.1.0\\\\pubsub-emulator\\\\bin\\\\cloud-pubsub-emulator.bat\",\"args\":[\"--host=localhost\",\"--port=8085\"],\"optionalArgs\":[\"port\",\"host\"],\"joinArgs\":true}"}}
[info] i  pubsub: Pub/Sub Emulator logging to pubsub-debug.log {"metadata":{"emulator":{"name":"pubsub"},"message":"Pub/Sub Emulator logging to \u001b[1mpubsub-debug.log\u001b[22m"}}
[debug] [2020-12-18T11:56:56.952Z] Ignoring unsupported arg: auto_download {"metadata":{"emulator":{"name":"ui"},"message":"Ignoring unsupported arg: auto_download"}}
[debug] [2020-12-18T11:56:56.952Z] Ignoring unsupported arg: port {"metadata":{"emulator":{"name":"ui"},"message":"Ignoring unsupported arg: port"}}
[debug] [2020-12-18T11:56:56.952Z] Starting Emulator UI with command {"binary":"node","args":["C:\\Users\\sanya\\.cache\\firebase\\emulators\\ui-v1.4.0\\server.bundle.js"],"optionalArgs":[],"joinArgs":false} {"metadata":{"emulator":{"name":"ui"},"message":"Starting Emulator UI with command {\"binary\":\"node\",\"args\":[\"C:\\\\Users\\\\sanya\\\\.cache\\\\firebase\\\\emulators\\\\ui-v1.4.0\\\\server.bundle.js\"],\"optionalArgs\":[],\"joinArgs\":false}"}}
[info] i  ui: Emulator UI logging to ui-debug.log {"metadata":{"emulator":{"name":"ui"},"message":"Emulator UI logging to \u001b[1mui-debug.log\u001b[22m"}}
[debug] [2020-12-18T11:56:57.065Z] Web / API server started at http://localhost:4000
 {"metadata":{"emulator":{"name":"ui"},"message":"Web / API server started at http://localhost:4000\n"}}
[info] i  functions: Watching "D:\test_for_hello_beer\functions" for Cloud Functions... {"metadata":{"emulator":{"name":"functions"},"message":"Watching \"D:\\test_for_hello_beer\\functions\" for Cloud Functions..."}}
[debug] [2020-12-18T11:56:57.500Z] [worker-pool] addWorker(~diagnostic~) {"metadata":{"emulator":{"name":"functions"},"message":"[worker-pool] addWorker(~diagnostic~)"}}
[debug] [2020-12-18T11:56:57.501Z] [worker-pool] Adding worker with key ~diagnostic~, total=1 {"metadata":{"emulator":{"name":"functions"},"message":"[worker-pool] Adding worker with key ~diagnostic~, total=1"}}
[debug] [2020-12-18T11:56:57.501Z] [worker-pool] submitWork(triggerId=) {"metadata":{"emulator":{"name":"functions"},"message":"[worker-pool] submitWork(triggerId=)"}}
[debug] [2020-12-18T11:56:57.501Z] [worker-~diagnostic~-d85f602e-37af-4c35-b693-b8e0ba816039]: Assigning socketPath: \\?\pipe\D:\test_for_hello_beer\functions\3124 {"metadata":{"emulator":{"name":"functions"},"message":"[worker-~diagnostic~-d85f602e-37af-4c35-b693-b8e0ba816039]: Assigning socketPath: \\\\?\\pipe\\D:\\test_for_hello_beer\\functions\\3124"}}
[debug] [2020-12-18T11:56:57.501Z] [worker-~diagnostic~-d85f602e-37af-4c35-b693-b8e0ba816039]: BUSY {"metadata":{"emulator":{"name":"functions"},"message":"[worker-~diagnostic~-d85f602e-37af-4c35-b693-b8e0ba816039]: BUSY"}}
[debug] [2020-12-18T11:56:57.635Z] [runtime-status] [3124] Functions runtime initialized. {"cwd":"D:\\test_for_hello_beer\\functions","node_version":"13.7.0"} {"metadata":{"emulator":{"name":"functions"},"message":"[runtime-status] [3124] Functions runtime initialized. {\"cwd\":\"D:\\\\test_for_hello_beer\\\\functions\",\"node_version\":\"13.7.0\"}"}}
[debug] [2020-12-18T11:56:57.635Z] [runtime-status] [3124] Disabled runtime features: undefined {"metadata":{"emulator":{"name":"functions"},"message":"[runtime-status] [3124] Disabled runtime features: undefined"}}
[debug] [2020-12-18T11:56:57.641Z] [runtime-status] [3124] Resolved module firebase-admin {"declared":true,"installed":true,"version":"9.4.2","resolution":"D:\\test_for_hello_beer\\functions\\node_modules\\firebase-admin\\lib\\index.js"} {"metadata":{"emulator":{"name":"functions"},"message":"[runtime-status] [3124] Resolved module firebase-admin {\"declared\":true,\"installed\":true,\"version\":\"9.4.2\",\"resolution\":\"D:\\\\test_for_hello_beer\\\\functions\\\\node_modules\\\\firebase-admin\\\\lib\\\\index.js\"}"}}
[debug] [2020-12-18T11:56:57.642Z] [runtime-status] [3124] Resolved module firebase-functions {"declared":true,"installed":true,"version":"3.13.0","resolution":"D:\\test_for_hello_beer\\functions\\node_modules\\firebase-functions\\lib\\index.js"} {"metadata":{"emulator":{"name":"functions"},"message":"[runtime-status] [3124] Resolved module firebase-functions {\"declared\":true,\"installed\":true,\"version\":\"3.13.0\",\"resolution\":\"D:\\\\test_for_hello_beer\\\\functions\\\\node_modules\\\\firebase-functions\\\\lib\\\\index.js\"}"}}
[debug] [2020-12-18T11:56:57.644Z] [runtime-status] [3124] Resolved module firebase-functions {"declared":true,"installed":true,"version":"3.13.0","resolution":"D:\\test_for_hello_beer\\functions\\node_modules\\firebase-functions\\lib\\index.js"} {"metadata":{"emulator":{"name":"functions"},"message":"[runtime-status] [3124] Resolved module firebase-functions {\"declared\":true,\"installed\":true,\"version\":\"3.13.0\",\"resolution\":\"D:\\\\test_for_hello_beer\\\\functions\\\\node_modules\\\\firebase-functions\\\\lib\\\\index.js\"}"}}
[debug] [2020-12-18T11:56:57.645Z] [runtime-status] [3124] Set PUBSUB_EMULATOR_HOST to localhost:8085 {"metadata":{"emulator":{"name":"functions"},"message":"[runtime-status] [3124] Set PUBSUB_EMULATOR_HOST to localhost:8085"}}
[debug] [2020-12-18T11:56:57.646Z] [runtime-status] [3124] Outgoing network have been stubbed. [{"name":"http","status":"mocked"},{"name":"http","status":"mocked"},{"name":"https","status":"mocked"},{"name":"https","status":"mocked"},{"name":"net","status":"mocked"}] {"metadata":{"emulator":{"name":"functions"},"message":"[runtime-status] [3124] Outgoing network have been stubbed. [{\"name\":\"http\",\"status\":\"mocked\"},{\"name\":\"http\",\"status\":\"mocked\"},{\"name\":\"https\",\"status\":\"mocked\"},{\"name\":\"https\",\"status\":\"mocked\"},{\"name\":\"net\",\"status\":\"mocked\"}]"}}
[debug] [2020-12-18T11:56:57.646Z] [runtime-status] [3124] Resolved module firebase-functions {"declared":true,"installed":true,"version":"3.13.0","resolution":"D:\\test_for_hello_beer\\functions\\node_modules\\firebase-functions\\lib\\index.js"} {"metadata":{"emulator":{"name":"functions"},"message":"[runtime-status] [3124] Resolved module firebase-functions {\"declared\":true,\"installed\":true,\"version\":\"3.13.0\",\"resolution\":\"D:\\\\test_for_hello_beer\\\\functions\\\\node_modules\\\\firebase-functions\\\\lib\\\\index.js\"}"}}
[debug] [2020-12-18T11:56:57.719Z] [runtime-status] [3124] Checked functions.config() {"config":{}} {"metadata":{"emulator":{"name":"functions"},"message":"[runtime-status] [3124] Checked functions.config() {\"config\":{}}"}}
[debug] [2020-12-18T11:56:57.720Z] [runtime-status] [3124] firebase-functions has been stubbed. {"functionsResolution":{"declared":true,"installed":true,"version":"3.13.0","resolution":"D:\\test_for_hello_beer\\functions\\node_modules\\firebase-functions\\lib\\index.js"}} {"metadata":{"emulator":{"name":"functions"},"message":"[runtime-status] [3124] firebase-functions has been stubbed. {\"functionsResolution\":{\"declared\":true,\"installed\":true,\"version\":\"3.13.0\",\"resolution\":\"D:\\\\test_for_hello_beer\\\\functions\\\\node_modules\\\\firebase-functions\\\\lib\\\\index.js\"}}"}}
[debug] [2020-12-18T11:56:57.720Z] [runtime-status] [3124] Resolved module firebase-functions {"declared":true,"installed":true,"version":"3.13.0","resolution":"D:\\test_for_hello_beer\\functions\\node_modules\\firebase-functions\\lib\\index.js"} {"metadata":{"emulator":{"name":"functions"},"message":"[runtime-status] [3124] Resolved module firebase-functions {\"declared\":true,\"installed\":true,\"version\":\"3.13.0\",\"resolution\":\"D:\\\\test_for_hello_beer\\\\functions\\\\node_modules\\\\firebase-functions\\\\lib\\\\index.js\"}"}}
[debug] [2020-12-18T11:56:57.721Z] [runtime-status] [3124] Resolved module firebase-admin {"declared":true,"installed":true,"version":"9.4.2","resolution":"D:\\test_for_hello_beer\\functions\\node_modules\\firebase-admin\\lib\\index.js"} {"metadata":{"emulator":{"name":"functions"},"message":"[runtime-status] [3124] Resolved module firebase-admin {\"declared\":true,\"installed\":true,\"version\":\"9.4.2\",\"resolution\":\"D:\\\\test_for_hello_beer\\\\functions\\\\node_modules\\\\firebase-admin\\\\lib\\\\index.js\"}"}}
[debug] [2020-12-18T11:56:57.721Z] [runtime-status] [3124] Resolved module firebase-functions {"declared":true,"installed":true,"version":"3.13.0","resolution":"D:\\test_for_hello_beer\\functions\\node_modules\\firebase-functions\\lib\\index.js"} {"metadata":{"emulator":{"name":"functions"},"message":"[runtime-status] [3124] Resolved module firebase-functions {\"declared\":true,\"installed\":true,\"version\":\"3.13.0\",\"resolution\":\"D:\\\\test_for_hello_beer\\\\functions\\\\node_modules\\\\firebase-functions\\\\lib\\\\index.js\"}"}}
[debug] [2020-12-18T11:56:57.721Z] [runtime-status] [3124] firebase-admin has been stubbed. {"adminResolution":{"declared":true,"installed":true,"version":"9.4.2","resolution":"D:\\test_for_hello_beer\\functions\\node_modules\\firebase-admin\\lib\\index.js"}} {"metadata":{"emulator":{"name":"functions"},"message":"[runtime-status] [3124] firebase-admin has been stubbed. {\"adminResolution\":{\"declared\":true,\"installed\":true,\"version\":\"9.4.2\",\"resolution\":\"D:\\\\test_for_hello_beer\\\\functions\\\\node_modules\\\\firebase-admin\\\\lib\\\\index.js\"}}"}}
[debug] [2020-12-18T11:56:57.796Z] [runtime-status] [3124] initializeApp(DEFAULT) {"credential":{"implicit":false,"projectId":"test-ylt","privateKey":"-----BEGIN PRIVATE KEY-----\nMIIEvgIBADANBgkqhkiG9w0BAQEFAASCBKgwggSkAgEAAoIBAQDV1TcSLKlT+HpC\nmo4ISfeEn0sNcpytGh7nLE8kNMFS//cigFZO9lt2XE0SlWykSpxq8DOSo5GAcu/B\n597ykzmFAW90SS6oKygKd+NTzjbRFwo2qPkxbSt5S4LHL+gw9ScR67+/9Gkc1tl1\nKAhFyAzOZ7zCxu2TlgZITIVmrdemRwK9fAHfjK2PaANcfo5RoftIDon6L0Gzgahz\nC0TmA6di92OoFejjUX36YpUE+unwjoRAiyl/G3BtJYEMuvmgkyQon6jvBrMM12tI\n8tJXJQ7SUa6thUic7Ofd4yxF2qj9Hb0rAP9m211u78jBjqmUG5M+ZhMho+X25GsY\nM9fYiFChAgMBAAECggEAAla7vIfXJglJJox31lq/QaDHpo7w7GKFUSJanv7x+J8+\nt+6TCxfuGAtCR0xRuPINOAz2pnFiLndLXKnFZi4yrkwNyNYCU/HtZSBqsMxoDHVJ\n3f9PAvGyjJgFJxo0uiDbT5qOUUpaQjfOHvY8MW2yyKjpL1DzUSZ+XPjzylPHUJzv\n+ixoDjpf0oTDx9yzYuZtK/wQ683eC07T+D3PaPzBOcTzh5EzywNQcrwDh6qCOnUw\n0JbDDsFQ5G9eu2+sMXZU1gvo3hkKDE4I3bEOZDy9isoRi/m7uCGCeiJz0Xk2+Q61\nx3476TQYYN/lJGvhVcC3tQcvNy71IcxYPYRTl7RIEQKBgQDqfvF/Oy2q/4iMemaM\nPyaIfA3fV7I0coh9XGKsC97na0r8f16NW0L1icaZOpFu/jXYptozuU+Lxc2CsuWj\nzfOCDX/xWHttCiCrAZmbZVVNv/Op+53S+G+2hIqVxwJ8yagbUwrmzcqP7QFsS3VD\nvGMUnv6wEQn0AEVYwmt+0Mk+8QKBgQDpcS8z0rZbSB/SFhYLXcsWJtTLcsZRpltC\naVjsfpGC3b17wThVc0KIVU1L+HgG0oA3Eu8dz3v50Exk1Ds09nCnCbFTXSrn9fYa\nqkIsA5lTMmzl5gNV/sNJcugP4aXbnTfcebHfY5rDHeE6+nR3I3tZakBk9vWpSLRD\nSjgAzniMsQKBgHVkka+5R5aIkKqLCFWDs922BRffhkY9ZFkl6/vngXLnQsX/Wa14\nl5/mlnbVXENtnjVU6n3kco8tukGJH++ORi7AZWHEgx3GaS5TAbxK0Za31tstLQiV\n+Q8tcVekJnmkVrU/MID1W0gMRZ8ac50ybYPASQ6JqSrvC8hwpHH7QhRxAoGBAM5c\nPcvkA0wiL+75kzctDLBiV04aAfJ/ysCke/Vj1aIH/s79eZ0gLLp0HcaAuSnev3Tw\nCe0iU4f8eOvRKR2ilOc0jEsTWzB+n7XmuGRMMif3tYhtkplcgqnVKAuR/5pqGs2N\nzo2ZcV/2c/o9GOOQvCPI52/ZWETzflbVrzgXTT2hAoGBALInC2D33O4N+y40AjSI\n6aeiX3Ke7vJegADGScH5AkqLlNz5GXVEgy0OU0MvzkG3HAwoI3wT7jwH9evCXEP5\neZRASWKZrVWGlRddnnhgueG/VYHN9GEiuyoS1To7FtkZjItcT8LcW7FaGOEWp7n3\nsr41/hzlmIF60vPHIoHS9pam\n-----END PRIVATE KEY-----\n","clientEmail":"firebase-adminsdk-6yz0i@test-ylt.iam.gserviceaccount.com","httpClient":{"retry":{"maxRetries":4,"statusCodes":[503],"ioErrorCodes":["ECONNRESET","ETIMEDOUT"],"backOffFactor":0.5,"maxDelayInMillis":60000}}}} {"metadata":{"emulator":{"name":"functions"},"message":"[runtime-status] [3124] initializeApp(DEFAULT) {\"credential\":{\"implicit\":false,\"projectId\":\"test-ylt\",\"privateKey\":\"-----BEGIN PRIVATE KEY-----\\nMIIEvgIBADANBgkqhkiG9w0BAQEFAASCBKgwggSkAgEAAoIBAQDV1TcSLKlT+HpC\\nmo4ISfeEn0sNcpytGh7nLE8kNMFS//cigFZO9lt2XE0SlWykSpxq8DOSo5GAcu/B\\n597ykzmFAW90SS6oKygKd+NTzjbRFwo2qPkxbSt5S4LHL+gw9ScR67+/9Gkc1tl1\\nKAhFyAzOZ7zCxu2TlgZITIVmrdemRwK9fAHfjK2PaANcfo5RoftIDon6L0Gzgahz\\nC0TmA6di92OoFejjUX36YpUE+unwjoRAiyl/G3BtJYEMuvmgkyQon6jvBrMM12tI\\n8tJXJQ7SUa6thUic7Ofd4yxF2qj9Hb0rAP9m211u78jBjqmUG5M+ZhMho+X25GsY\\nM9fYiFChAgMBAAECggEAAla7vIfXJglJJox31lq/QaDHpo7w7GKFUSJanv7x+J8+\\nt+6TCxfuGAtCR0xRuPINOAz2pnFiLndLXKnFZi4yrkwNyNYCU/HtZSBqsMxoDHVJ\\n3f9PAvGyjJgFJxo0uiDbT5qOUUpaQjfOHvY8MW2yyKjpL1DzUSZ+XPjzylPHUJzv\\n+ixoDjpf0oTDx9yzYuZtK/wQ683eC07T+D3PaPzBOcTzh5EzywNQcrwDh6qCOnUw\\n0JbDDsFQ5G9eu2+sMXZU1gvo3hkKDE4I3bEOZDy9isoRi/m7uCGCeiJz0Xk2+Q61\\nx3476TQYYN/lJGvhVcC3tQcvNy71IcxYPYRTl7RIEQKBgQDqfvF/Oy2q/4iMemaM\\nPyaIfA3fV7I0coh9XGKsC97na0r8f16NW0L1icaZOpFu/jXYptozuU+Lxc2CsuWj\\nzfOCDX/xWHttCiCrAZmbZVVNv/Op+53S+G+2hIqVxwJ8yagbUwrmzcqP7QFsS3VD\\nvGMUnv6wEQn0AEVYwmt+0Mk+8QKBgQDpcS8z0rZbSB/SFhYLXcsWJtTLcsZRpltC\\naVjsfpGC3b17wThVc0KIVU1L+HgG0oA3Eu8dz3v50Exk1Ds09nCnCbFTXSrn9fYa\\nqkIsA5lTMmzl5gNV/sNJcugP4aXbnTfcebHfY5rDHeE6+nR3I3tZakBk9vWpSLRD\\nSjgAzniMsQKBgHVkka+5R5aIkKqLCFWDs922BRffhkY9ZFkl6/vngXLnQsX/Wa14\\nl5/mlnbVXENtnjVU6n3kco8tukGJH++ORi7AZWHEgx3GaS5TAbxK0Za31tstLQiV\\n+Q8tcVekJnmkVrU/MID1W0gMRZ8ac50ybYPASQ6JqSrvC8hwpHH7QhRxAoGBAM5c\\nPcvkA0wiL+75kzctDLBiV04aAfJ/ysCke/Vj1aIH/s79eZ0gLLp0HcaAuSnev3Tw\\nCe0iU4f8eOvRKR2ilOc0jEsTWzB+n7XmuGRMMif3tYhtkplcgqnVKAuR/5pqGs2N\\nzo2ZcV/2c/o9GOOQvCPI52/ZWETzflbVrzgXTT2hAoGBALInC2D33O4N+y40AjSI\\n6aeiX3Ke7vJegADGScH5AkqLlNz5GXVEgy0OU0MvzkG3HAwoI3wT7jwH9evCXEP5\\neZRASWKZrVWGlRddnnhgueG/VYHN9GEiuyoS1To7FtkZjItcT8LcW7FaGOEWp7n3\\nsr41/hzlmIF60vPHIoHS9pam\\n-----END PRIVATE KEY-----\\n\",\"clientEmail\":\"firebase-adminsdk-6yz0i@test-ylt.iam.gserviceaccount.com\",\"httpClient\":{\"retry\":{\"maxRetries\":4,\"statusCodes\":[503],\"ioErrorCodes\":[\"ECONNRESET\",\"ETIMEDOUT\"],\"backOffFactor\":0.5,\"maxDelayInMillis\":60000}}}}"}}
[debug] [2020-12-18T11:56:57.874Z] [runtime-status] [3124] auth.setJwtVerificationEnabled(false) {"metadata":{"emulator":{"name":"functions"},"message":"[runtime-status] [3124] auth.setJwtVerificationEnabled(false)"}}
[info] +  functions[addSuperuserRole]: http function initialized (http://localhost:5001/test-ylt/us-central1/addSuperuserRole). {"metadata":{"emulator":{"name":"functions"},"message":"\u001b[1mhttp\u001b[22m function initialized (http://localhost:5001/test-ylt/us-central1/addSuperuserRole)."}}
[info] i  emulators: Shutting down emulators. {"metadata":{"emulator":{"name":"hub"},"message":"Shutting down emulators."}}
[info] i  ui: Stopping Emulator UI {"metadata":{"emulator":{"name":"ui"},"message":"Stopping Emulator UI"}}
[debug] [2020-12-18T11:56:57.879Z] [worker-~diagnostic~-d85f602e-37af-4c35-b693-b8e0ba816039]: IDLE {"metadata":{"emulator":{"name":"functions"},"message":"[worker-~diagnostic~-d85f602e-37af-4c35-b693-b8e0ba816039]: IDLE"}}
[warn] !  Emulator UI has exited upon receiving signal: SIGINT 
[info] i  functions: Stopping Functions Emulator {"metadata":{"emulator":{"name":"functions"},"message":"Stopping Functions Emulator"}}
[info] i  database: Stopping Database Emulator {"metadata":{"emulator":{"name":"database"},"message":"Stopping Database Emulator"}}
[debug] [2020-12-18T11:56:57.892Z] [worker-~diagnostic~-d85f602e-37af-4c35-b693-b8e0ba816039]: exited {"metadata":{"emulator":{"name":"functions"},"message":"[worker-~diagnostic~-d85f602e-37af-4c35-b693-b8e0ba816039]: exited"}}
[debug] [2020-12-18T11:56:57.892Z] [worker-~diagnostic~-d85f602e-37af-4c35-b693-b8e0ba816039]: FINISHED {"metadata":{"emulator":{"name":"functions"},"message":"[worker-~diagnostic~-d85f602e-37af-4c35-b693-b8e0ba816039]: FINISHED"}}
[warn] !  Database Emulator has exited upon receiving signal: SIGINT 
[info] i  firestore: Stopping Firestore Emulator {"metadata":{"emulator":{"name":"firestore"},"message":"Stopping Firestore Emulator"}}
[warn] !  Firestore Emulator has exited upon receiving signal: SIGINT 
[info] i  pubsub: Stopping Pub/Sub Emulator {"metadata":{"emulator":{"name":"pubsub"},"message":"Stopping Pub/Sub Emulator"}}
[warn] !  Pub/Sub Emulator has exited upon receiving signal: SIGINT 
[info] i  auth: Stopping Authentication Emulator {"metadata":{"emulator":{"name":"auth"},"message":"Stopping Authentication Emulator"}}
[info] i  hub: Stopping emulator hub {"metadata":{"emulator":{"name":"hub"},"message":"Stopping emulator hub"}}
[info] i  logging: Stopping Logging Emulator {"metadata":{"emulator":{"name":"logging"},"message":"Stopping Logging Emulator"}}
[debug] [2020-12-18T11:56:57.928Z] Error: ENOENT: no such file or directory, open 'D:\test_for_hello_beer\database.rules.json'
    at Object.openSync (fs.js:457:3)
    at Object.readFileSync (fs.js:359:35)
    at DatabaseEmulator.connect (D:\test_for_hello_beer\node_modules\firebase-tools\lib\emulator\databaseEmulator.js:60:55)
    at Object.startAll (D:\test_for_hello_beer\node_modules\firebase-tools\lib\emulator\controller.js:373:28)
    at processTicksAndRejections (internal/process/task_queues.js:97:5)
    at async Command.actionFn (D:\test_for_hello_beer\node_modules\firebase-tools\lib\commands\emulators-start.js:26:9)
[error] 
[error] Error: An unexpected error has occurred.
[debug] [2020-12-18T11:58:49.071Z] ----------------------------------------------------------------------
[debug] [2020-12-18T11:58:49.072Z] Command:       C:\Program Files\nodejs\node.exe D:\test_for_hello_beer\node_modules\firebase-tools\lib\bin\firebase.js emulators:start
[debug] [2020-12-18T11:58:49.072Z] CLI Version:   9.0.1
[debug] [2020-12-18T11:58:49.072Z] Platform:      win32
[debug] [2020-12-18T11:58:49.072Z] Node Version:  v13.7.0
[debug] [2020-12-18T11:58:49.074Z] Time:          Fri Dec 18 2020 13:58:49 GMT+0200 (за східноєвропейським стандартним часом)
[debug] [2020-12-18T11:58:49.074Z] ----------------------------------------------------------------------
[debug] [2020-12-18T11:58:49.074Z] 
[debug] [2020-12-18T11:58:49.078Z] > command requires scopes: ["email","openid","https://www.googleapis.com/auth/cloudplatformprojects.readonly","https://www.googleapis.com/auth/firebase","https://www.googleapis.com/auth/cloud-platform"]
[debug] [2020-12-18T11:58:49.079Z] > authorizing via signed-in user
[info] i  emulators: Starting emulators: auth, functions, firestore, database {"metadata":{"emulator":{"name":"hub"},"message":"Starting emulators: auth, functions, firestore, database"}}
[debug] [2020-12-18T11:58:51.136Z] [hub] writing locator at C:\Users\sanya\AppData\Local\Temp\hub-test-ylt.json
[warn] !  functions: The following emulators are not running, calls to these services from the Functions emulator will affect production: hosting, pubsub {"metadata":{"emulator":{"name":"functions"},"message":"The following emulators are not running, calls to these services from the Functions emulator will affect production: \u001b[1mhosting, pubsub\u001b[22m"}}
[warn] !  Your requested "node" version "12" doesn't match your global version "13" {"metadata":{"emulator":{"name":"functions"},"message":"Your requested \"node\" version \"12\" doesn't match your global version \"13\""}}
[debug] [2020-12-18T11:58:53.200Z] defaultcredentials: writing to file C:\Users\sanya\AppData\Roaming\firebase\khrystynayelyseyeva_gmail_com_application_default_credentials.json
[debug] [2020-12-18T11:58:53.202Z] Setting GAC to C:\Users\sanya\AppData\Roaming\firebase\khrystynayelyseyeva_gmail_com_application_default_credentials.json {"metadata":{"emulator":{"name":"functions"},"message":"Setting GAC to C:\\Users\\sanya\\AppData\\Roaming\\firebase\\khrystynayelyseyeva_gmail_com_application_default_credentials.json"}}
[debug] [2020-12-18T11:58:55.237Z] Ignoring unsupported arg: projectId {"metadata":{"emulator":{"name":"firestore"},"message":"Ignoring unsupported arg: projectId"}}
[debug] [2020-12-18T11:58:55.237Z] Ignoring unsupported arg: auto_download {"metadata":{"emulator":{"name":"firestore"},"message":"Ignoring unsupported arg: auto_download"}}
[debug] [2020-12-18T11:58:55.237Z] Starting Firestore Emulator with command {"binary":"java","args":["-Dgoogle.cloud_firestore.debug_log_level=FINE","-Duser.language=en","-jar","C:\\Users\\sanya\\.cache\\firebase\\emulators\\cloud-firestore-emulator-v1.11.11.jar","--host","localhost","--port",8080,"--rules","D:\\test_for_hello_beer\\firestore.rules","--functions_emulator","localhost:5001"],"optionalArgs":["port","webchannel_port","host","rules","functions_emulator","seed_from_export"],"joinArgs":false} {"metadata":{"emulator":{"name":"firestore"},"message":"Starting Firestore Emulator with command {\"binary\":\"java\",\"args\":[\"-Dgoogle.cloud_firestore.debug_log_level=FINE\",\"-Duser.language=en\",\"-jar\",\"C:\\\\Users\\\\sanya\\\\.cache\\\\firebase\\\\emulators\\\\cloud-firestore-emulator-v1.11.11.jar\",\"--host\",\"localhost\",\"--port\",8080,\"--rules\",\"D:\\\\test_for_hello_beer\\\\firestore.rules\",\"--functions_emulator\",\"localhost:5001\"],\"optionalArgs\":[\"port\",\"webchannel_port\",\"host\",\"rules\",\"functions_emulator\",\"seed_from_export\"],\"joinArgs\":false}"}}
[info] i  firestore: Firestore Emulator logging to firestore-debug.log {"metadata":{"emulator":{"name":"firestore"},"message":"Firestore Emulator logging to \u001b[1mfirestore-debug.log\u001b[22m"}}
[debug] [2020-12-18T11:58:56.322Z] API endpoint: http://localhost: {"metadata":{"emulator":{"name":"firestore"},"message":"API endpoint: http://localhost:"}}
[debug] [2020-12-18T11:58:56.323Z] 8080
If you are using a library that supports the FIRESTORE_EMULATOR_HOST environment variable, run:

   export FIRESTORE_EMULATOR_HOST=localhost:8080

Dev App Server is now running.

 {"metadata":{"emulator":{"name":"firestore"},"message":"8080\nIf you are using a library that supports the FIRESTORE_EMULATOR_HOST environment variable, run:\r\n\n   export FIRESTORE_EMULATOR_HOST=localhost:8080\n\nDev App Server is now running.\n\r\n"}}
[debug] [2020-12-18T11:58:58.796Z] database rules config:  [{"instance":"test-ylt","rules":"D:\\test_for_hello_beer\\database.rules.json"}]
[warn] !  database: Realtime Database rules file D:\test_for_hello_beer\database.rules.json specified in firebase.json does not exist. {"metadata":{"emulator":{"name":"database"},"message":"Realtime Database rules file \u001b[1mD:\\test_for_hello_beer\\database.rules.json\u001b[22m specified in firebase.json does not exist."}}
[debug] [2020-12-18T11:58:58.805Z] Ignoring unsupported arg: projectId {"metadata":{"emulator":{"name":"database"},"message":"Ignoring unsupported arg: projectId"}}
[debug] [2020-12-18T11:58:58.805Z] Ignoring unsupported arg: auto_download {"metadata":{"emulator":{"name":"database"},"message":"Ignoring unsupported arg: auto_download"}}
[debug] [2020-12-18T11:58:58.805Z] Ignoring unsupported arg: rules {"metadata":{"emulator":{"name":"database"},"message":"Ignoring unsupported arg: rules"}}
[debug] [2020-12-18T11:58:58.805Z] Starting Database Emulator with command {"binary":"java","args":["-Duser.language=en","-jar","C:\\Users\\sanya\\.cache\\firebase\\emulators\\firebase-database-emulator-v4.7.1.jar","--host","localhost","--port",9000,"--functions_emulator_host","localhost","--functions_emulator_port",5001],"optionalArgs":["port","host","functions_emulator_port","functions_emulator_host"],"joinArgs":false} {"metadata":{"emulator":{"name":"database"},"message":"Starting Database Emulator with command {\"binary\":\"java\",\"args\":[\"-Duser.language=en\",\"-jar\",\"C:\\\\Users\\\\sanya\\\\.cache\\\\firebase\\\\emulators\\\\firebase-database-emulator-v4.7.1.jar\",\"--host\",\"localhost\",\"--port\",9000,\"--functions_emulator_host\",\"localhost\",\"--functions_emulator_port\",5001],\"optionalArgs\":[\"port\",\"host\",\"functions_emulator_port\",\"functions_emulator_host\"],\"joinArgs\":false}"}}
[info] i  database: Database Emulator logging to database-debug.log {"metadata":{"emulator":{"name":"database"},"message":"Database Emulator logging to \u001b[1mdatabase-debug.log\u001b[22m"}}
[debug] [2020-12-18T11:59:00.075Z] 13:59:00.070 [NamespaceSystem-akka.actor.default-dispatcher-5] INFO akka.event.slf4j.Slf4jLogger - Slf4jLogger started
 {"metadata":{"emulator":{"name":"database"},"message":"13:59:00.070 [NamespaceSystem-akka.actor.default-dispatcher-5] INFO akka.event.slf4j.Slf4jLogger - Slf4jLogger started\r\n"}}
[debug] [2020-12-18T11:59:00.193Z] 13:59:00.192 [main] INFO com.firebase.server.forge.App$ - Listening at localhost:9000
 {"metadata":{"emulator":{"name":"database"},"message":"13:59:00.192 [main] INFO com.firebase.server.forge.App$ - Listening at localhost:9000\r\n"}}
[debug] [2020-12-18T11:59:08.191Z] Ignoring unsupported arg: auto_download {"metadata":{"emulator":{"name":"ui"},"message":"Ignoring unsupported arg: auto_download"}}
[debug] [2020-12-18T11:59:08.192Z] Ignoring unsupported arg: port {"metadata":{"emulator":{"name":"ui"},"message":"Ignoring unsupported arg: port"}}
[debug] [2020-12-18T11:59:08.192Z] Starting Emulator UI with command {"binary":"node","args":["C:\\Users\\sanya\\.cache\\firebase\\emulators\\ui-v1.4.0\\server.bundle.js"],"optionalArgs":[],"joinArgs":false} {"metadata":{"emulator":{"name":"ui"},"message":"Starting Emulator UI with command {\"binary\":\"node\",\"args\":[\"C:\\\\Users\\\\sanya\\\\.cache\\\\firebase\\\\emulators\\\\ui-v1.4.0\\\\server.bundle.js\"],\"optionalArgs\":[],\"joinArgs\":false}"}}
[info] i  ui: Emulator UI logging to ui-debug.log {"metadata":{"emulator":{"name":"ui"},"message":"Emulator UI logging to \u001b[1mui-debug.log\u001b[22m"}}
[debug] [2020-12-18T11:59:08.292Z] Web / API server started at http://localhost:4000
 {"metadata":{"emulator":{"name":"ui"},"message":"Web / API server started at http://localhost:4000\n"}}
[info] i  functions: Watching "D:\test_for_hello_beer\functions" for Cloud Functions... {"metadata":{"emulator":{"name":"functions"},"message":"Watching \"D:\\test_for_hello_beer\\functions\" for Cloud Functions..."}}
[debug] [2020-12-18T11:59:08.730Z] [worker-pool] addWorker(~diagnostic~) {"metadata":{"emulator":{"name":"functions"},"message":"[worker-pool] addWorker(~diagnostic~)"}}
[debug] [2020-12-18T11:59:08.730Z] [worker-pool] Adding worker with key ~diagnostic~, total=1 {"metadata":{"emulator":{"name":"functions"},"message":"[worker-pool] Adding worker with key ~diagnostic~, total=1"}}
[debug] [2020-12-18T11:59:08.730Z] [worker-pool] submitWork(triggerId=) {"metadata":{"emulator":{"name":"functions"},"message":"[worker-pool] submitWork(triggerId=)"}}
[debug] [2020-12-18T11:59:08.730Z] [worker-~diagnostic~-9a8c725d-33f2-4b1f-b17a-f0665e299774]: Assigning socketPath: \\?\pipe\D:\test_for_hello_beer\functions\11892 {"metadata":{"emulator":{"name":"functions"},"message":"[worker-~diagnostic~-9a8c725d-33f2-4b1f-b17a-f0665e299774]: Assigning socketPath: \\\\?\\pipe\\D:\\test_for_hello_beer\\functions\\11892"}}
[debug] [2020-12-18T11:59:08.731Z] [worker-~diagnostic~-9a8c725d-33f2-4b1f-b17a-f0665e299774]: BUSY {"metadata":{"emulator":{"name":"functions"},"message":"[worker-~diagnostic~-9a8c725d-33f2-4b1f-b17a-f0665e299774]: BUSY"}}
[debug] [2020-12-18T11:59:08.863Z] [runtime-status] [11892] Functions runtime initialized. {"cwd":"D:\\test_for_hello_beer\\functions","node_version":"13.7.0"} {"metadata":{"emulator":{"name":"functions"},"message":"[runtime-status] [11892] Functions runtime initialized. {\"cwd\":\"D:\\\\test_for_hello_beer\\\\functions\",\"node_version\":\"13.7.0\"}"}}
[debug] [2020-12-18T11:59:08.863Z] [runtime-status] [11892] Disabled runtime features: undefined {"metadata":{"emulator":{"name":"functions"},"message":"[runtime-status] [11892] Disabled runtime features: undefined"}}
[debug] [2020-12-18T11:59:08.865Z] [runtime-status] [11892] Resolved module firebase-admin {"declared":true,"installed":true,"version":"9.4.2","resolution":"D:\\test_for_hello_beer\\functions\\node_modules\\firebase-admin\\lib\\index.js"} {"metadata":{"emulator":{"name":"functions"},"message":"[runtime-status] [11892] Resolved module firebase-admin {\"declared\":true,\"installed\":true,\"version\":\"9.4.2\",\"resolution\":\"D:\\\\test_for_hello_beer\\\\functions\\\\node_modules\\\\firebase-admin\\\\lib\\\\index.js\"}"}}
[debug] [2020-12-18T11:59:08.866Z] [runtime-status] [11892] Resolved module firebase-functions {"declared":true,"installed":true,"version":"3.13.0","resolution":"D:\\test_for_hello_beer\\functions\\node_modules\\firebase-functions\\lib\\index.js"} {"metadata":{"emulator":{"name":"functions"},"message":"[runtime-status] [11892] Resolved module firebase-functions {\"declared\":true,\"installed\":true,\"version\":\"3.13.0\",\"resolution\":\"D:\\\\test_for_hello_beer\\\\functions\\\\node_modules\\\\firebase-functions\\\\lib\\\\index.js\"}"}}
[debug] [2020-12-18T11:59:08.868Z] [runtime-status] [11892] Resolved module firebase-functions {"declared":true,"installed":true,"version":"3.13.0","resolution":"D:\\test_for_hello_beer\\functions\\node_modules\\firebase-functions\\lib\\index.js"} {"metadata":{"emulator":{"name":"functions"},"message":"[runtime-status] [11892] Resolved module firebase-functions {\"declared\":true,\"installed\":true,\"version\":\"3.13.0\",\"resolution\":\"D:\\\\test_for_hello_beer\\\\functions\\\\node_modules\\\\firebase-functions\\\\lib\\\\index.js\"}"}}
[debug] [2020-12-18T11:59:08.869Z] [runtime-status] [11892] Outgoing network have been stubbed. [{"name":"http","status":"mocked"},{"name":"http","status":"mocked"},{"name":"https","status":"mocked"},{"name":"https","status":"mocked"},{"name":"net","status":"mocked"}] {"metadata":{"emulator":{"name":"functions"},"message":"[runtime-status] [11892] Outgoing network have been stubbed. [{\"name\":\"http\",\"status\":\"mocked\"},{\"name\":\"http\",\"status\":\"mocked\"},{\"name\":\"https\",\"status\":\"mocked\"},{\"name\":\"https\",\"status\":\"mocked\"},{\"name\":\"net\",\"status\":\"mocked\"}]"}}
[debug] [2020-12-18T11:59:08.870Z] [runtime-status] [11892] Resolved module firebase-functions {"declared":true,"installed":true,"version":"3.13.0","resolution":"D:\\test_for_hello_beer\\functions\\node_modules\\firebase-functions\\lib\\index.js"} {"metadata":{"emulator":{"name":"functions"},"message":"[runtime-status] [11892] Resolved module firebase-functions {\"declared\":true,\"installed\":true,\"version\":\"3.13.0\",\"resolution\":\"D:\\\\test_for_hello_beer\\\\functions\\\\node_modules\\\\firebase-functions\\\\lib\\\\index.js\"}"}}
[debug] [2020-12-18T11:59:08.902Z] [runtime-status] [11892] Checked functions.config() {"config":{}} {"metadata":{"emulator":{"name":"functions"},"message":"[runtime-status] [11892] Checked functions.config() {\"config\":{}}"}}
[debug] [2020-12-18T11:59:08.902Z] [runtime-status] [11892] firebase-functions has been stubbed. {"functionsResolution":{"declared":true,"installed":true,"version":"3.13.0","resolution":"D:\\test_for_hello_beer\\functions\\node_modules\\firebase-functions\\lib\\index.js"}} {"metadata":{"emulator":{"name":"functions"},"message":"[runtime-status] [11892] firebase-functions has been stubbed. {\"functionsResolution\":{\"declared\":true,\"installed\":true,\"version\":\"3.13.0\",\"resolution\":\"D:\\\\test_for_hello_beer\\\\functions\\\\node_modules\\\\firebase-functions\\\\lib\\\\index.js\"}}"}}
[debug] [2020-12-18T11:59:08.903Z] [runtime-status] [11892] Resolved module firebase-functions {"declared":true,"installed":true,"version":"3.13.0","resolution":"D:\\test_for_hello_beer\\functions\\node_modules\\firebase-functions\\lib\\index.js"} {"metadata":{"emulator":{"name":"functions"},"message":"[runtime-status] [11892] Resolved module firebase-functions {\"declared\":true,\"installed\":true,\"version\":\"3.13.0\",\"resolution\":\"D:\\\\test_for_hello_beer\\\\functions\\\\node_modules\\\\firebase-functions\\\\lib\\\\index.js\"}"}}
[debug] [2020-12-18T11:59:08.903Z] [runtime-status] [11892] Resolved module firebase-admin {"declared":true,"installed":true,"version":"9.4.2","resolution":"D:\\test_for_hello_beer\\functions\\node_modules\\firebase-admin\\lib\\index.js"} {"metadata":{"emulator":{"name":"functions"},"message":"[runtime-status] [11892] Resolved module firebase-admin {\"declared\":true,\"installed\":true,\"version\":\"9.4.2\",\"resolution\":\"D:\\\\test_for_hello_beer\\\\functions\\\\node_modules\\\\firebase-admin\\\\lib\\\\index.js\"}"}}
[debug] [2020-12-18T11:59:08.904Z] [runtime-status] [11892] Resolved module firebase-functions {"declared":true,"installed":true,"version":"3.13.0","resolution":"D:\\test_for_hello_beer\\functions\\node_modules\\firebase-functions\\lib\\index.js"} {"metadata":{"emulator":{"name":"functions"},"message":"[runtime-status] [11892] Resolved module firebase-functions {\"declared\":true,\"installed\":true,\"version\":\"3.13.0\",\"resolution\":\"D:\\\\test_for_hello_beer\\\\functions\\\\node_modules\\\\firebase-functions\\\\lib\\\\index.js\"}"}}
[debug] [2020-12-18T11:59:08.904Z] [runtime-status] [11892] firebase-admin has been stubbed. {"adminResolution":{"declared":true,"installed":true,"version":"9.4.2","resolution":"D:\\test_for_hello_beer\\functions\\node_modules\\firebase-admin\\lib\\index.js"}} {"metadata":{"emulator":{"name":"functions"},"message":"[runtime-status] [11892] firebase-admin has been stubbed. {\"adminResolution\":{\"declared\":true,\"installed\":true,\"version\":\"9.4.2\",\"resolution\":\"D:\\\\test_for_hello_beer\\\\functions\\\\node_modules\\\\firebase-admin\\\\lib\\\\index.js\"}}"}}
[debug] [2020-12-18T11:59:08.935Z] [runtime-status] [11892] initializeApp(DEFAULT) {"credential":{"implicit":false,"projectId":"test-ylt","privateKey":"-----BEGIN PRIVATE KEY-----\nMIIEvgIBADANBgkqhkiG9w0BAQEFAASCBKgwggSkAgEAAoIBAQDV1TcSLKlT+HpC\nmo4ISfeEn0sNcpytGh7nLE8kNMFS//cigFZO9lt2XE0SlWykSpxq8DOSo5GAcu/B\n597ykzmFAW90SS6oKygKd+NTzjbRFwo2qPkxbSt5S4LHL+gw9ScR67+/9Gkc1tl1\nKAhFyAzOZ7zCxu2TlgZITIVmrdemRwK9fAHfjK2PaANcfo5RoftIDon6L0Gzgahz\nC0TmA6di92OoFejjUX36YpUE+unwjoRAiyl/G3BtJYEMuvmgkyQon6jvBrMM12tI\n8tJXJQ7SUa6thUic7Ofd4yxF2qj9Hb0rAP9m211u78jBjqmUG5M+ZhMho+X25GsY\nM9fYiFChAgMBAAECggEAAla7vIfXJglJJox31lq/QaDHpo7w7GKFUSJanv7x+J8+\nt+6TCxfuGAtCR0xRuPINOAz2pnFiLndLXKnFZi4yrkwNyNYCU/HtZSBqsMxoDHVJ\n3f9PAvGyjJgFJxo0uiDbT5qOUUpaQjfOHvY8MW2yyKjpL1DzUSZ+XPjzylPHUJzv\n+ixoDjpf0oTDx9yzYuZtK/wQ683eC07T+D3PaPzBOcTzh5EzywNQcrwDh6qCOnUw\n0JbDDsFQ5G9eu2+sMXZU1gvo3hkKDE4I3bEOZDy9isoRi/m7uCGCeiJz0Xk2+Q61\nx3476TQYYN/lJGvhVcC3tQcvNy71IcxYPYRTl7RIEQKBgQDqfvF/Oy2q/4iMemaM\nPyaIfA3fV7I0coh9XGKsC97na0r8f16NW0L1icaZOpFu/jXYptozuU+Lxc2CsuWj\nzfOCDX/xWHttCiCrAZmbZVVNv/Op+53S+G+2hIqVxwJ8yagbUwrmzcqP7QFsS3VD\nvGMUnv6wEQn0AEVYwmt+0Mk+8QKBgQDpcS8z0rZbSB/SFhYLXcsWJtTLcsZRpltC\naVjsfpGC3b17wThVc0KIVU1L+HgG0oA3Eu8dz3v50Exk1Ds09nCnCbFTXSrn9fYa\nqkIsA5lTMmzl5gNV/sNJcugP4aXbnTfcebHfY5rDHeE6+nR3I3tZakBk9vWpSLRD\nSjgAzniMsQKBgHVkka+5R5aIkKqLCFWDs922BRffhkY9ZFkl6/vngXLnQsX/Wa14\nl5/mlnbVXENtnjVU6n3kco8tukGJH++ORi7AZWHEgx3GaS5TAbxK0Za31tstLQiV\n+Q8tcVekJnmkVrU/MID1W0gMRZ8ac50ybYPASQ6JqSrvC8hwpHH7QhRxAoGBAM5c\nPcvkA0wiL+75kzctDLBiV04aAfJ/ysCke/Vj1aIH/s79eZ0gLLp0HcaAuSnev3Tw\nCe0iU4f8eOvRKR2ilOc0jEsTWzB+n7XmuGRMMif3tYhtkplcgqnVKAuR/5pqGs2N\nzo2ZcV/2c/o9GOOQvCPI52/ZWETzflbVrzgXTT2hAoGBALInC2D33O4N+y40AjSI\n6aeiX3Ke7vJegADGScH5AkqLlNz5GXVEgy0OU0MvzkG3HAwoI3wT7jwH9evCXEP5\neZRASWKZrVWGlRddnnhgueG/VYHN9GEiuyoS1To7FtkZjItcT8LcW7FaGOEWp7n3\nsr41/hzlmIF60vPHIoHS9pam\n-----END PRIVATE KEY-----\n","clientEmail":"firebase-adminsdk-6yz0i@test-ylt.iam.gserviceaccount.com","httpClient":{"retry":{"maxRetries":4,"statusCodes":[503],"ioErrorCodes":["ECONNRESET","ETIMEDOUT"],"backOffFactor":0.5,"maxDelayInMillis":60000}}}} {"metadata":{"emulator":{"name":"functions"},"message":"[runtime-status] [11892] initializeApp(DEFAULT) {\"credential\":{\"implicit\":false,\"projectId\":\"test-ylt\",\"privateKey\":\"-----BEGIN PRIVATE KEY-----\\nMIIEvgIBADANBgkqhkiG9w0BAQEFAASCBKgwggSkAgEAAoIBAQDV1TcSLKlT+HpC\\nmo4ISfeEn0sNcpytGh7nLE8kNMFS//cigFZO9lt2XE0SlWykSpxq8DOSo5GAcu/B\\n597ykzmFAW90SS6oKygKd+NTzjbRFwo2qPkxbSt5S4LHL+gw9ScR67+/9Gkc1tl1\\nKAhFyAzOZ7zCxu2TlgZITIVmrdemRwK9fAHfjK2PaANcfo5RoftIDon6L0Gzgahz\\nC0TmA6di92OoFejjUX36YpUE+unwjoRAiyl/G3BtJYEMuvmgkyQon6jvBrMM12tI\\n8tJXJQ7SUa6thUic7Ofd4yxF2qj9Hb0rAP9m211u78jBjqmUG5M+ZhMho+X25GsY\\nM9fYiFChAgMBAAECggEAAla7vIfXJglJJox31lq/QaDHpo7w7GKFUSJanv7x+J8+\\nt+6TCxfuGAtCR0xRuPINOAz2pnFiLndLXKnFZi4yrkwNyNYCU/HtZSBqsMxoDHVJ\\n3f9PAvGyjJgFJxo0uiDbT5qOUUpaQjfOHvY8MW2yyKjpL1DzUSZ+XPjzylPHUJzv\\n+ixoDjpf0oTDx9yzYuZtK/wQ683eC07T+D3PaPzBOcTzh5EzywNQcrwDh6qCOnUw\\n0JbDDsFQ5G9eu2+sMXZU1gvo3hkKDE4I3bEOZDy9isoRi/m7uCGCeiJz0Xk2+Q61\\nx3476TQYYN/lJGvhVcC3tQcvNy71IcxYPYRTl7RIEQKBgQDqfvF/Oy2q/4iMemaM\\nPyaIfA3fV7I0coh9XGKsC97na0r8f16NW0L1icaZOpFu/jXYptozuU+Lxc2CsuWj\\nzfOCDX/xWHttCiCrAZmbZVVNv/Op+53S+G+2hIqVxwJ8yagbUwrmzcqP7QFsS3VD\\nvGMUnv6wEQn0AEVYwmt+0Mk+8QKBgQDpcS8z0rZbSB/SFhYLXcsWJtTLcsZRpltC\\naVjsfpGC3b17wThVc0KIVU1L+HgG0oA3Eu8dz3v50Exk1Ds09nCnCbFTXSrn9fYa\\nqkIsA5lTMmzl5gNV/sNJcugP4aXbnTfcebHfY5rDHeE6+nR3I3tZakBk9vWpSLRD\\nSjgAzniMsQKBgHVkka+5R5aIkKqLCFWDs922BRffhkY9ZFkl6/vngXLnQsX/Wa14\\nl5/mlnbVXENtnjVU6n3kco8tukGJH++ORi7AZWHEgx3GaS5TAbxK0Za31tstLQiV\\n+Q8tcVekJnmkVrU/MID1W0gMRZ8ac50ybYPASQ6JqSrvC8hwpHH7QhRxAoGBAM5c\\nPcvkA0wiL+75kzctDLBiV04aAfJ/ysCke/Vj1aIH/s79eZ0gLLp0HcaAuSnev3Tw\\nCe0iU4f8eOvRKR2ilOc0jEsTWzB+n7XmuGRMMif3tYhtkplcgqnVKAuR/5pqGs2N\\nzo2ZcV/2c/o9GOOQvCPI52/ZWETzflbVrzgXTT2hAoGBALInC2D33O4N+y40AjSI\\n6aeiX3Ke7vJegADGScH5AkqLlNz5GXVEgy0OU0MvzkG3HAwoI3wT7jwH9evCXEP5\\neZRASWKZrVWGlRddnnhgueG/VYHN9GEiuyoS1To7FtkZjItcT8LcW7FaGOEWp7n3\\nsr41/hzlmIF60vPHIoHS9pam\\n-----END PRIVATE KEY-----\\n\",\"clientEmail\":\"firebase-adminsdk-6yz0i@test-ylt.iam.gserviceaccount.com\",\"httpClient\":{\"retry\":{\"maxRetries\":4,\"statusCodes\":[503],\"ioErrorCodes\":[\"ECONNRESET\",\"ETIMEDOUT\"],\"backOffFactor\":0.5,\"maxDelayInMillis\":60000}}}}"}}
[debug] [2020-12-18T11:59:08.965Z] [runtime-status] [11892] auth.setJwtVerificationEnabled(false) {"metadata":{"emulator":{"name":"functions"},"message":"[runtime-status] [11892] auth.setJwtVerificationEnabled(false)"}}
[info] +  functions[addSuperuserRole]: http function initialized (http://localhost:5001/test-ylt/us-central1/addSuperuserRole). {"metadata":{"emulator":{"name":"functions"},"message":"\u001b[1mhttp\u001b[22m function initialized (http://localhost:5001/test-ylt/us-central1/addSuperuserRole)."}}
[info] i  emulators: Shutting down emulators. {"metadata":{"emulator":{"name":"hub"},"message":"Shutting down emulators."}}
[info] i  ui: Stopping Emulator UI {"metadata":{"emulator":{"name":"ui"},"message":"Stopping Emulator UI"}}
[debug] [2020-12-18T11:59:08.969Z] [worker-~diagnostic~-9a8c725d-33f2-4b1f-b17a-f0665e299774]: IDLE {"metadata":{"emulator":{"name":"functions"},"message":"[worker-~diagnostic~-9a8c725d-33f2-4b1f-b17a-f0665e299774]: IDLE"}}
[warn] !  Emulator UI has exited upon receiving signal: SIGINT 
[info] i  functions: Stopping Functions Emulator {"metadata":{"emulator":{"name":"functions"},"message":"Stopping Functions Emulator"}}
[info] i  database: Stopping Database Emulator {"metadata":{"emulator":{"name":"database"},"message":"Stopping Database Emulator"}}
[debug] [2020-12-18T11:59:08.980Z] [worker-~diagnostic~-9a8c725d-33f2-4b1f-b17a-f0665e299774]: exited {"metadata":{"emulator":{"name":"functions"},"message":"[worker-~diagnostic~-9a8c725d-33f2-4b1f-b17a-f0665e299774]: exited"}}
[debug] [2020-12-18T11:59:08.980Z] [worker-~diagnostic~-9a8c725d-33f2-4b1f-b17a-f0665e299774]: FINISHED {"metadata":{"emulator":{"name":"functions"},"message":"[worker-~diagnostic~-9a8c725d-33f2-4b1f-b17a-f0665e299774]: FINISHED"}}
[warn] !  Database Emulator has exited upon receiving signal: SIGINT 
[info] i  firestore: Stopping Firestore Emulator {"metadata":{"emulator":{"name":"firestore"},"message":"Stopping Firestore Emulator"}}
[warn] !  Firestore Emulator has exited upon receiving signal: SIGINT 
[info] i  auth: Stopping Authentication Emulator {"metadata":{"emulator":{"name":"auth"},"message":"Stopping Authentication Emulator"}}
[info] i  hub: Stopping emulator hub {"metadata":{"emulator":{"name":"hub"},"message":"Stopping emulator hub"}}
[info] i  logging: Stopping Logging Emulator {"metadata":{"emulator":{"name":"logging"},"message":"Stopping Logging Emulator"}}
[debug] [2020-12-18T11:59:09.011Z] Error: ENOENT: no such file or directory, open 'D:\test_for_hello_beer\database.rules.json'
    at Object.openSync (fs.js:457:3)
    at Object.readFileSync (fs.js:359:35)
    at DatabaseEmulator.connect (D:\test_for_hello_beer\node_modules\firebase-tools\lib\emulator\databaseEmulator.js:60:55)
    at Object.startAll (D:\test_for_hello_beer\node_modules\firebase-tools\lib\emulator\controller.js:373:28)
    at processTicksAndRejections (internal/process/task_queues.js:97:5)
    at async Command.actionFn (D:\test_for_hello_beer\node_modules\firebase-tools\lib\commands\emulators-start.js:26:9)
[error] 
[error] Error: An unexpected error has occurred.
